"../../../../../../Users/straja/Documents/Unreal Projects/OurGameBP/Content/Maps/Mapa1_BuiltData.uasset" 0
"../../../../../../Users/straja/Documents/Unreal Projects/OurGameBP/Content/Igra/Textures/Zuta.uasset" 1
"../../../../../../Users/straja/Documents/Unreal Projects/OurGameBP/Content/Igra/Textures/Uzvicnik.uasset" 2
"../../../../../../Users/straja/Documents/Unreal Projects/OurGameBP/Content/Uzvicnik.uasset" 3
"../../../../../../Users/straja/Documents/Unreal Projects/OurGameBP/Content/Blueprints/UMGtoLevelBP.uasset" 4
"../../../../../../Users/straja/Documents/Unreal Projects/OurGameBP/Content/Igra/ballsofwar.uasset" 5
"../../../../../../Users/straja/Documents/Unreal Projects/OurGameBP/Content/Igra/AI/BasicAIMeele/BasicMeeleBlackBoard.uasset" 6
"../../../../../../Users/straja/Documents/Unreal Projects/OurGameBP/Content/Igra/AI/BasicAIMeele/GetLastPlayerLocation.uasset" 7
"../../../../../../Users/straja/Documents/Unreal Projects/OurGameBP/Content/Igra/Textures/Pre_Polish/MeeleRobotAtack.uasset" 8
"../../../../../../Users/straja/Documents/Unreal Projects/OurGameBP/Content/Igra/Textures/Pre_Polish/MeeleRobotAtack_Mat.uasset" 9
"../../../../../../Users/straja/Documents/Unreal Projects/OurGameBP/Content/Igra/Textures/Pre_Polish/MeeleRobotDead.uasset" 10
"../../../../../../Users/straja/Documents/Unreal Projects/OurGameBP/Content/Igra/Textures/Pre_Polish/MeeleRobotDead_Mat.uasset" 11
"../../../../../../Users/straja/Documents/Unreal Projects/OurGameBP/Content/Igra/Textures/Pre_Polish/MeeleRobotIdle.uasset" 12
"../../../../../../Users/straja/Documents/Unreal Projects/OurGameBP/Content/Igra/Textures/Pre_Polish/MeeleRobotIdle_Mat.uasset" 13
"../../../../../../Users/straja/Documents/Unreal Projects/OurGameBP/Content/Igra/Sounds/NewFolder/Robot_Bite.uasset" 14
"../../../../../../Users/straja/Documents/Unreal Projects/OurGameBP/Content/Igra/Sounds/NewFolder/Robot_Die_1.uasset" 15
"../../../../../../Users/straja/Documents/Unreal Projects/OurGameBP/Content/Igra/Sounds/NewFolder/Robot_Die_2.uasset" 16
"../../../../../../Users/straja/Documents/Unreal Projects/OurGameBP/Content/Igra/Sounds/NewFolder/Robot_Die_3.uasset" 17
"../../../../../../Users/straja/Documents/Unreal Projects/OurGameBP/Content/Igra/Sounds/NewFolder/Robot_Die_4.uasset" 18
"../../../../../../Users/straja/Documents/Unreal Projects/OurGameBP/Content/Igra/Sounds/NewFolder/Robot_Die_5.uasset" 19
"../../../../../../Users/straja/Documents/Unreal Projects/OurGameBP/Content/Igra/Sounds/NewFolder/Robot_Die_6.uasset" 20
"../../../Engine/Content/Functions/Engine_MaterialFunctions01/Opacity/CameraDepthFade.uasset" 21
"../../../Engine/Content/EngineMaterials/T_Default_Material_Grid_M.uasset" 22
"../../../Engine/Content/EngineMaterials/T_Default_Material_Grid_N.uasset" 23
"../../../Engine/Content/EngineMaterials/WorldGridMaterial.uasset" 24
"../../../../../../Users/straja/Documents/Unreal Projects/OurGameBP/Content/StarterContent/Architecture/Cube_2.uasset" 25
"../../../../../../Users/straja/Documents/Unreal Projects/OurGameBP/Content/Igra/AI/BasicAIMeele/BaseMeeleAttack.uasset" 26
"../../../../../../Users/straja/Documents/Unreal Projects/OurGameBP/Content/Igra/AI/BasicAIMeele/MovetoPlayerBasicMeele.uasset" 27
"../../../../../../Users/straja/Documents/Unreal Projects/OurGameBP/Content/Igra/AI/FindRandomLocation.uasset" 28
"../../../../../../Users/straja/Documents/Unreal Projects/OurGameBP/Content/Igra/AI/BasicAIMeele/BasicMeeleBehaviorTree.uasset" 29
"../../../../../../Users/straja/Documents/Unreal Projects/OurGameBP/Content/Igra/AI/BasicAIMeele/BaseClassAIController.uasset" 30
"../../../../../../Users/straja/Documents/Unreal Projects/OurGameBP/Content/Igra/Particles/Base_Particle_Color.uasset" 31
"../../../../../../Users/straja/Documents/Unreal Projects/OurGameBP/Content/Igra/Particles/Particle_Material.uasset" 32
"../../../../../../Users/straja/Documents/Unreal Projects/OurGameBP/Content/Igra/Particles/P_cube_SPARK_2.uasset" 33
"../../../../../../Users/straja/Documents/Unreal Projects/OurGameBP/Content/Igra/AI/BasicAIMeele/Zombie.uasset" 34
"../../../../../../Users/straja/Documents/Unreal Projects/OurGameBP/Content/Igra/AI/Enemy_AI/DoubleShootRobot/Material_001.uasset" 35
"../../../../../../Users/straja/Documents/Unreal Projects/OurGameBP/Content/Igra/AI/Enemy_AI/DoubleShootRobot/Material_002.uasset" 36
"../../../../../../Users/straja/Documents/Unreal Projects/OurGameBP/Content/Igra/AI/Enemy_AI/DoubleShootRobot/Material_003.uasset" 37
"../../../../../../Users/straja/Documents/Unreal Projects/OurGameBP/Content/Igra/AI/Enemy_AI/DoubleShootRobot/Material_004.uasset" 38
"../../../../../../Users/straja/Documents/Unreal Projects/OurGameBP/Content/Igra/AI/Enemy_AI/DoubleShootRobot/Material_005.uasset" 39
"../../../../../../Users/straja/Documents/Unreal Projects/OurGameBP/Content/Igra/AI/Enemy_AI/DoubleShootRobot/ROBO2_TANK.uasset" 40
"../../../../../../Users/straja/Documents/Unreal Projects/OurGameBP/Content/Igra/AI/Enemy_AI/DoubleShootRobot/TankRobot_Body_Dead.uasset" 41
"../../../../../../Users/straja/Documents/Unreal Projects/OurGameBP/Content/Igra/AI/Enemy_AI/DoubleShootRobot/TankRobot_Body_Dead_Mat.uasset" 42
"../../../Engine/Content/Functions/Engine_MaterialFunctions02/Texturing/CustomRotator.uasset" 43
"../../../../../../Users/straja/Documents/Unreal Projects/OurGameBP/Content/Igra/AI/Enemy_AI/DoubleShootRobot/TankRobot_Body_Idle.uasset" 44
"../../../../../../Users/straja/Documents/Unreal Projects/OurGameBP/Content/Igra/AI/Enemy_AI/DoubleShootRobot/TankRobot_Body_Idle_Mat.uasset" 45
"../../../../../../Users/straja/Documents/Unreal Projects/OurGameBP/Content/Igra/AI/Enemy_AI/DoubleShootRobot/TankRobot_Body_Side.uasset" 46
"../../../../../../Users/straja/Documents/Unreal Projects/OurGameBP/Content/Igra/AI/Enemy_AI/DoubleShootRobot/TankRobot_Body_Side_Mat.uasset" 47
"../../../../../../Users/straja/Documents/Unreal Projects/OurGameBP/Content/Igra/AI/Enemy_AI/DoubleShootRobot/TankRobot_Cannon_Body.uasset" 48
"../../../../../../Users/straja/Documents/Unreal Projects/OurGameBP/Content/Igra/AI/Enemy_AI/DoubleShootRobot/TankRobot_Cannon_Body_Mat.uasset" 49
"../../../../../../Users/straja/Documents/Unreal Projects/OurGameBP/Content/Igra/AI/Enemy_AI/DoubleShootRobot/TankRobot_Cannon_Fire.uasset" 50
"../../../../../../Users/straja/Documents/Unreal Projects/OurGameBP/Content/Igra/AI/Enemy_AI/DoubleShootRobot/TankRobot_Cannon_Fire_Mat.uasset" 51
"../../../../../../Users/straja/Documents/Unreal Projects/OurGameBP/Content/Igra/AI/Enemy_AI/DoubleShootRobot/TankRobot_Cannon_Idle.uasset" 52
"../../../../../../Users/straja/Documents/Unreal Projects/OurGameBP/Content/Igra/AI/Enemy_AI/DoubleShootRobot/TankRobot_Cannon_Idle_Mat.uasset" 53
"../../../../../../Users/straja/Documents/Unreal Projects/OurGameBP/Content/Igra/AI/Enemy_AI/DoubleShootRobot/TankRobot_Platform_Above.uasset" 54
"../../../../../../Users/straja/Documents/Unreal Projects/OurGameBP/Content/Igra/AI/Enemy_AI/DoubleShootRobot/TankRobot_Platform_Above_Mat.uasset" 55
"../../../../../../Users/straja/Documents/Unreal Projects/OurGameBP/Content/Igra/AI/Enemy_AI/DoubleShootRobot/TankRobot_Platform_Front.uasset" 56
"../../../../../../Users/straja/Documents/Unreal Projects/OurGameBP/Content/Igra/AI/Enemy_AI/DoubleShootRobot/TankRobot_Platform_Front_Mat.uasset" 57
"../../../../../../Users/straja/Documents/Unreal Projects/OurGameBP/Content/Igra/AI/Enemy_AI/DoubleShootRobot/TankRobot_Platform_Side.uasset" 58
"../../../../../../Users/straja/Documents/Unreal Projects/OurGameBP/Content/Igra/AI/Enemy_AI/DoubleShootRobot/TankRobot_Platform_Side_Mat.uasset" 59
"../../../Engine/Content/BasicShapes/BasicShapeMaterial.uasset" 60
"../../../Engine/Content/BasicShapes/Cube.uasset" 61
"../../../../../../Users/straja/Documents/Unreal Projects/OurGameBP/Content/Igra/Door/DoorBasic.uasset" 62
"../../../../../../Users/straja/Documents/Unreal Projects/OurGameBP/Content/Igra/Functions/Characters/Hero_Functions.uasset" 63
"../../../../../../Users/straja/Documents/Unreal Projects/OurGameBP/Content/Igra/GameMode/OurPlayerController.uasset" 64
"../../../../../../Users/straja/Documents/Unreal Projects/OurGameBP/Content/Igra/GameMode/OurGameMode.uasset" 65
"../../../../../../Users/straja/Documents/Unreal Projects/OurGameBP/Content/Igra/Lights/BaseForLight.uasset" 66
"../../../../../../Users/straja/Documents/Unreal Projects/OurGameBP/Content/Igra/Lights/Blue.uasset" 67
"../../../../../../Users/straja/Documents/Unreal Projects/OurGameBP/Content/Igra/Lights/BlueAlarm.uasset" 68
"../../../../../../Users/straja/Documents/Unreal Projects/OurGameBP/Content/Igra/Lights/BlueCopling.uasset" 69
"../../../../../../Users/straja/Documents/Unreal Projects/OurGameBP/Content/Igra/Lights/CatLight.uasset" 70
"../../../../../../Users/straja/Documents/Unreal Projects/OurGameBP/Content/Igra/Lights/greyish.uasset" 71
"../../../../../../Users/straja/Documents/Unreal Projects/OurGameBP/Content/Igra/Lights/greyish_Mat.uasset" 72
"../../../../../../Users/straja/Documents/Unreal Projects/OurGameBP/Content/Igra/Lights/Orange.uasset" 73
"../../../../../../Users/straja/Documents/Unreal Projects/OurGameBP/Content/Igra/Lights/PoloYellow.uasset" 74
"../../../../../../Users/straja/Documents/Unreal Projects/OurGameBP/Content/Igra/Lights/redcouoling.uasset" 75
"../../../../../../Users/straja/Documents/Unreal Projects/OurGameBP/Content/Igra/Lights/redrobot.uasset" 76
"../../../../../../Users/straja/Documents/Unreal Projects/OurGameBP/Content/Igra/Lights/RedRoom.uasset" 77
"../../../../../../Users/straja/Documents/Unreal Projects/OurGameBP/Content/Igra/Lights/RedRoom1.uasset" 78
"../../../../../../Users/straja/Documents/Unreal Projects/OurGameBP/Content/Igra/Lights/Red_Laser.uasset" 79
"../../../../../../Users/straja/Documents/Unreal Projects/OurGameBP/Content/Igra/Lights/White2.uasset" 80
"../../../../../../Users/straja/Documents/Unreal Projects/OurGameBP/Content/Igra/Lights/Yellow.uasset" 81
"../../../Engine/Content/EditorBlueprintResources/StandardMacros.uasset" 82
"../../../Engine/Content/EngineMeshes/SkeletalCube_Skeleton.uasset" 83
"../../../../../../Users/straja/Documents/Unreal Projects/OurGameBP/Content/Igra/Oruzje/Weapon_Animation/kocka2amin.uasset" 84
"../../../../../../Users/straja/Documents/Unreal Projects/OurGameBP/Content/Igra/Sounds/Death_Sound.uasset" 85
"../../../../../../Users/straja/Documents/Unreal Projects/OurGameBP/Content/Igra/Igra.uasset" 86
"../../../../../../Users/straja/Documents/Unreal Projects/OurGameBP/Content/Igra/Widgets/DeathMenu/Restart_Level-01.uasset" 87
"../../../../../../Users/straja/Documents/Unreal Projects/OurGameBP/Content/Igra/Widgets/DeathMenu/Restart_Level_Hovered-01.uasset" 88
"../../../../../../Users/straja/Documents/Unreal Projects/OurGameBP/Content/Igra/Widgets/DeathMenu/You_Died.uasset" 89
"../../../../../../Users/straja/Documents/Unreal Projects/OurGameBP/Content/Igra/Widgets/DeathMenu/You_Died2.uasset" 90
"../../../../../../Users/straja/Documents/Unreal Projects/OurGameBP/Content/Igra/Widgets/MainMenu/Button_Clicked1.uasset" 91
"../../../../../../Users/straja/Documents/Unreal Projects/OurGameBP/Content/Igra/Widgets/MainMenu/Button_Hover1.uasset" 92
"../../../../../../Users/straja/Documents/Unreal Projects/OurGameBP/Content/Igra/Widgets/PauseMenu/Exit_Game-01.uasset" 93
"../../../../../../Users/straja/Documents/Unreal Projects/OurGameBP/Content/Igra/Widgets/PauseMenu/Exit_Hover-01.uasset" 94
"../../../../../../Users/straja/Documents/Unreal Projects/OurGameBP/Content/Igra/Widgets/PauseMenu/LFLC-01.uasset" 95
"../../../../../../Users/straja/Documents/Unreal Projects/OurGameBP/Content/Igra/Widgets/PauseMenu/LFLC_Hover-01.uasset" 96
"../../../../../../Users/straja/Documents/Unreal Projects/OurGameBP/Content/Igra/Widgets/DeathMenu/GameOver.uasset" 97
"../../../../../../Users/straja/Documents/Unreal Projects/OurGameBP/Content/Igra/Hero/Camera2.uasset" 98
"../../../../../../Users/straja/Documents/Unreal Projects/OurGameBP/Content/Igra/Textures/Grenade.uasset" 99
"../../../../../../Users/straja/Documents/Unreal Projects/OurGameBP/Content/Igra/Textures/Grenade_Mat.uasset" 100
"../../../../../../Users/straja/Documents/Unreal Projects/OurGameBP/Content/Igra/Oruzje/Ammunition/explosion.uasset" 101
"../../../../../../Users/straja/Documents/Unreal Projects/OurGameBP/Content/StarterContent/Textures/T_Burst_M.uasset" 102
"../../../../../../Users/straja/Documents/Unreal Projects/OurGameBP/Content/StarterContent/Particles/Materials/M_Burst.uasset" 103
"../../../../../../Users/straja/Documents/Unreal Projects/OurGameBP/Content/StarterContent/Textures/T_Explosion_SubUV.uasset" 104
"../../../../../../Users/straja/Documents/Unreal Projects/OurGameBP/Content/StarterContent/Particles/Materials/M_explosion_subUV.uasset" 105
"../../../../../../Users/straja/Documents/Unreal Projects/OurGameBP/Content/StarterContent/Particles/Materials/m_flare_01.uasset" 106
"../../../Engine/Content/Functions/Engine_MaterialFunctions01/Gradient/RadialGradient.uasset" 107
"../../../../../../Users/straja/Documents/Unreal Projects/OurGameBP/Content/StarterContent/Particles/Materials/M_radial_ramp.uasset" 108
"../../../../../../Users/straja/Documents/Unreal Projects/OurGameBP/Content/StarterContent/Textures/T_Smoke_SubUV.uasset" 109
"../../../../../../Users/straja/Documents/Unreal Projects/OurGameBP/Content/StarterContent/Textures/T_Smoke_Tiled_D.uasset" 110
"../../../../../../Users/straja/Documents/Unreal Projects/OurGameBP/Content/StarterContent/Particles/Materials/M_smoke_subUV.uasset" 111
"../../../../../../Users/straja/Documents/Unreal Projects/OurGameBP/Content/Igra/Particles/Prizoner_Explosion.uasset" 112
"../../../../../../Users/straja/Documents/Unreal Projects/OurGameBP/Content/Igra/Oruzje/Ammunition/Grenade2.uasset" 113
"../../../../../../Users/straja/Documents/Unreal Projects/OurGameBP/Content/Igra/Textures/Prison_Level/Bullet.uasset" 114
"../../../../../../Users/straja/Documents/Unreal Projects/OurGameBP/Content/Igra/Textures/Prison_Level/Bullet_Mat.uasset" 115
"../../../../../../Users/straja/Documents/Unreal Projects/OurGameBP/Content/Igra/Particles/P_cube_SPARK.uasset" 116
"../../../../../../Users/straja/Documents/Unreal Projects/OurGameBP/Content/Igra/Oruzje/Ammunition/Pistol_Bullet.uasset" 117
"../../../../../../Users/straja/Documents/Unreal Projects/OurGameBP/Content/Igra/Oruzje/Ammunition/Uzi_Bullet1.uasset" 118
"../../../../../../Users/straja/Documents/Unreal Projects/OurGameBP/Content/Igra/Widgets/PauseMenu/PauseMenuBP.uasset" 119
"../../../../../../Users/straja/Documents/Unreal Projects/OurGameBP/Content/Igra/Lights/GunPlasma_Muzzle.uasset" 120
"../../../../../../Users/straja/Documents/Unreal Projects/OurGameBP/Content/Igra/Lights/GunYellow_Muzzle.uasset" 121
"../../../../../../Users/straja/Documents/Unreal Projects/OurGameBP/Content/Igra/Oruzje/Weapon_Animation/HeroCube.uasset" 122
"../../../../../../Users/straja/Documents/Unreal Projects/OurGameBP/Content/Igra/Oruzje/Weapon_Skelet/Greande_Skelet.uasset" 123
"../../../../../../Users/straja/Documents/Unreal Projects/OurGameBP/Content/Igra/Textures/Prison_Level/PistlTexture.uasset" 124
"../../../../../../Users/straja/Documents/Unreal Projects/OurGameBP/Content/Igra/Textures/Prison_Level/PistlTexture_Mat.uasset" 125
"../../../../../../Users/straja/Documents/Unreal Projects/OurGameBP/Content/Igra/Oruzje/Weapon_Skelet/Pistol_Skelet.uasset" 126
"../../../../../../Users/straja/Documents/Unreal Projects/OurGameBP/Content/Igra/Oruzje/Weapon_Skelet/Plasma_Cannon.uasset" 127
"../../../../../../Users/straja/Documents/Unreal Projects/OurGameBP/Content/Igra/Oruzje/Weapon_Skelet/plasma_canno.uasset" 128
"../../../../../../Users/straja/Documents/Unreal Projects/OurGameBP/Content/Igra/Oruzje/Weapon_Skelet/PlasmaGun_Skelet.uasset" 129
"../../../../../../Users/straja/Documents/Unreal Projects/OurGameBP/Content/Igra/Oruzje/Weapon_Skelet/uzi.uasset" 130
"../../../../../../Users/straja/Documents/Unreal Projects/OurGameBP/Content/Igra/Oruzje/Weapon_Skelet/uzi_Mat.uasset" 131
"../../../../../../Users/straja/Documents/Unreal Projects/OurGameBP/Content/Igra/Oruzje/Weapon_Skelet/Uzi_Skelet.uasset" 132
"../../../../../../Users/straja/Documents/Unreal Projects/OurGameBP/Content/Igra/Sounds/Gun_fire.uasset" 133
"../../../../../../Users/straja/Documents/Unreal Projects/OurGameBP/Content/Igra/Widgets/Crosshair/Crosshair_White-01.uasset" 134
"../../../../../../Users/straja/Documents/Unreal Projects/OurGameBP/Content/Igra/Widgets/HealthBar/Health_New-01.uasset" 135
"../../../../../../Users/straja/Documents/Unreal Projects/OurGameBP/Content/Igra/Widgets/HealthBar/Heart_Symbol-01.uasset" 136
"../../../../../../Users/straja/Documents/Unreal Projects/OurGameBP/Content/Igra/Widgets/HealthBar/HeroHealthCrosshair.uasset" 137
"../../../../../../Users/straja/Documents/Unreal Projects/OurGameBP/Content/Igra/Textures/Pre_Polish/damage_effect-01.uasset" 138
"../../../../../../Users/straja/Documents/Unreal Projects/OurGameBP/Content/Igra/Widgets/PlayerDamage.uasset" 139
"../../../../../../Users/straja/Documents/Unreal Projects/OurGameBP/Content/Igra/grenade_Png.uasset" 140
"../../../../../../Users/straja/Documents/Unreal Projects/OurGameBP/Content/Igra/Widgets/WeaponHud/Heat_New-02.uasset" 141
"../../../../../../Users/straja/Documents/Unreal Projects/OurGameBP/Content/Igra/Widgets/WeaponHud/Infinity-01.uasset" 142
"../../../../../../Users/straja/Documents/Unreal Projects/OurGameBP/Content/Igra/Widgets/WeaponHud/Pistl_Symbol-01.uasset" 143
"../../../../../../Users/straja/Documents/Unreal Projects/OurGameBP/Content/Igra/Widgets/WeaponHud/Uzi_Symbol-01.uasset" 144
"../../../../../../Users/straja/Documents/Unreal Projects/OurGameBP/Content/Igra/Widgets/WeaponHud/Weapon_HeatWidget.uasset" 145
"../../../../../../Users/straja/Documents/Unreal Projects/OurGameBP/Content/Igra/Hero/OurHero.uasset" 146
"../../../../../../Users/straja/Documents/Unreal Projects/OurGameBP/Content/Igra/Widgets/Objectives.uasset" 147
"../../../../../../Users/straja/Documents/Unreal Projects/OurGameBP/Content/Igra/Widgets/PauseMenu/Quit_To_Menu-01.uasset" 148
"../../../../../../Users/straja/Documents/Unreal Projects/OurGameBP/Content/Igra/Widgets/PauseMenu/Quit_To_Menu_Hover-01.uasset" 149
"../../../../../../Users/straja/Documents/Unreal Projects/OurGameBP/Content/Igra/Widgets/PauseMenu/Resume_Game-01.uasset" 150
"../../../../../../Users/straja/Documents/Unreal Projects/OurGameBP/Content/Igra/Widgets/PauseMenu/Resume_Hover-01.uasset" 151
"../../../../../../Users/straja/Documents/Unreal Projects/OurGameBP/Content/Igra/Widgets/PauseMenu/PauseMenu.uasset" 152
"../../../../../../Users/straja/Documents/Unreal Projects/OurGameBP/Content/Igra/Macros/Characters/Hero_Macro.uasset" 153
"../../../../../../Users/straja/Documents/Unreal Projects/OurGameBP/Content/Igra/Lights/Plazma_Cannon.uasset" 154
"../../../../../../Users/straja/Documents/Unreal Projects/OurGameBP/Content/Igra/Oruzje/Ammunition/Plasma_Bullet.uasset" 155
"../../../../../../Users/straja/Documents/Unreal Projects/OurGameBP/Content/Igra/Lights/Laser_Blue_Robot.uasset" 156
"../../../../../../Users/straja/Documents/Unreal Projects/OurGameBP/Content/Igra/Oruzje/Ammunition/Robot_Laser2.uasset" 157
"../../../../../../Users/straja/Documents/Unreal Projects/OurGameBP/Content/Igra/Textures/barell.uasset" 158
"../../../../../../Users/straja/Documents/Unreal Projects/OurGameBP/Content/Igra/Textures/barell_Mat.uasset" 159
"../../../../../../Users/straja/Documents/Unreal Projects/OurGameBP/Content/Igra/Oruzje/Explosions/Barrel.uasset" 160
"../../../../../../Users/straja/Documents/Unreal Projects/OurGameBP/Content/Igra/Oruzje/Weapon_Skelet/Plazma_Fire.uasset" 161
"../../../../../../Users/straja/Documents/Unreal Projects/OurGameBP/Content/Igra/Sounds/HorseSound.uasset" 162
"../../../../../../Users/straja/Documents/Unreal Projects/OurGameBP/Content/Igra/Sounds/3D/PoloMusic3D.uasset" 163
"../../../../../../Users/straja/Documents/Unreal Projects/OurGameBP/Content/Igra/Sounds/1/Polo_Music.uasset" 164
"../../../../../../Users/straja/Documents/Unreal Projects/OurGameBP/Content/Igra/Sounds/3D/Horse.uasset" 165
"../../../../../../Users/straja/Documents/Unreal Projects/OurGameBP/Content/Igra/Sounds/3D/SoundForLaser.uasset" 166
"../../../../../../Users/straja/Documents/Unreal Projects/OurGameBP/Content/Igra/Sounds/3D/SoundFor_Black_Man.uasset" 167
"../../../../../../Users/straja/Documents/Unreal Projects/OurGameBP/Content/Igra/Sounds/NewFolder/Laser_Burn.uasset" 168
"../../../../../../Users/straja/Documents/Unreal Projects/OurGameBP/Content/Igra/Sounds/NewFolder/prepare_to_die.uasset" 169
"../../../../../../Users/straja/Documents/Unreal Projects/OurGameBP/Content/Igra/Textures/VR_LaserPower_01.uasset" 170
"../../../../../../Users/straja/Documents/Unreal Projects/OurGameBP/Content/Igra/Textures/LaserPointerMaterial.uasset" 171
"../../../../../../Users/straja/Documents/Unreal Projects/OurGameBP/Content/Igra/Textures/LaserPointerMaterial_Inst.uasset" 172
"../../../../../../Users/straja/Documents/Unreal Projects/OurGameBP/Content/Igra/Textures/Laser_Wizard.uasset" 173
"../../../../../../Users/straja/Documents/Unreal Projects/OurGameBP/Content/Igra/Textures/LAZER.uasset" 174
"../../../../../../Users/straja/Documents/Unreal Projects/OurGameBP/Content/Igra/Textures/LAZER_Mat.uasset" 175
"../../../../../../Users/straja/Documents/Unreal Projects/OurGameBP/Content/Igra/Textures/Upitnik_Crvena.uasset" 176
"../../../../../../Users/straja/Documents/Unreal Projects/OurGameBP/Content/Igra/Textures/zelena.uasset" 177
"../../../../../../Users/straja/Documents/Unreal Projects/OurGameBP/Content/Igra/Textures/Upitnik_Zelena.uasset" 178
"../../../../../../Users/straja/Documents/Unreal Projects/OurGameBP/Content/Igra/Textures/Polish/BaseColor-01.uasset" 179
"../../../../../../Users/straja/Documents/Unreal Projects/OurGameBP/Content/Igra/Textures/Polish/BaseColor-01_Mat.uasset" 180
"../../../../../../Users/straja/Documents/Unreal Projects/OurGameBP/Content/Igra/Textures/Prison_Level/BaseWallColor.uasset" 181
"../../../../../../Users/straja/Documents/Unreal Projects/OurGameBP/Content/Igra/Textures/Prison_Level/BaseWallColor_Mat.uasset" 182
"../../../../../../Users/straja/Documents/Unreal Projects/OurGameBP/Content/Igra/Textures/Prison_Level/black_color.uasset" 183
"../../../../../../Users/straja/Documents/Unreal Projects/OurGameBP/Content/Igra/Textures/Prison_Level/FloorBaseColor.uasset" 184
"../../../../../../Users/straja/Documents/Unreal Projects/OurGameBP/Content/Igra/Textures/Prison_Level/FloorBaseColor_Mat.uasset" 185
"../../../../../../Users/straja/Documents/Unreal Projects/OurGameBP/Content/Igra/Textures/Prison_Level/LaserContRoomSING.uasset" 186
"../../../../../../Users/straja/Documents/Unreal Projects/OurGameBP/Content/Igra/Textures/Prison_Level/LaserContRoomSING_Mat.uasset" 187
"../../../../../../Users/straja/Documents/Unreal Projects/OurGameBP/Content/Igra/Textures/Prison_Level/RedLight.uasset" 188
"../../../../../../Users/straja/Documents/Unreal Projects/OurGameBP/Content/Igra/Textures/Prison_Level/RedLight_Mat.uasset" 189
"../../../../../../Users/straja/Documents/Unreal Projects/OurGameBP/Content/Igra/Textures/Textureee/LaserFiringRobot.uasset" 190
"../../../../../../Users/straja/Documents/Unreal Projects/OurGameBP/Content/Igra/Textures/Textureee/LaserFiringRobot_Mat.uasset" 191
"../../../../../../Users/straja/Documents/Unreal Projects/OurGameBP/Content/Igra/Widgets/FadeIN_FadeOut.uasset" 192
"../../../../../../Users/straja/Documents/Unreal Projects/OurGameBP/Content/Igra/Widgets/GlobalInteractE.uasset" 193
"../../../../../../Users/straja/Documents/Unreal Projects/OurGameBP/Content/Igra/Widgets/New_Game_FadeIn.uasset" 194
"../../../../../../Users/straja/Documents/Unreal Projects/OurGameBP/Content/Igra/Widgets/Subtitles.uasset" 195
"../../../../../../Users/straja/Documents/Unreal Projects/OurGameBP/Content/Igra/Widgets/MainMenu/Bimba_Games.uasset" 196
"../../../../../../Users/straja/Documents/Unreal Projects/OurGameBP/Content/Igra/Widgets/MainMenu/cooltext285217614259233.uasset" 197
"../../../../../../Users/straja/Documents/Unreal Projects/OurGameBP/Content/Igra/Widgets/MainMenu/cooltext285217614259233_Mat.uasset" 198
"../../../../../../Users/straja/Documents/Unreal Projects/OurGameBP/Content/Igra/Widgets/MainMenu/LoadingScreenWidget.uasset" 199
"../../../../../../Users/straja/Documents/Unreal Projects/OurGameBP/Content/Igra/Widgets/MainMenu/Loading_Cube-01.uasset" 200
"../../../../../../Users/straja/Documents/Unreal Projects/OurGameBP/Content/Igra/Widgets/MainMenu/Loading_Cube-01_Mat.uasset" 201
"../../../../../../Users/straja/Documents/Unreal Projects/OurGameBP/Content/Igra/Widgets/MainMenu/Continue_1-01.uasset" 202
"../../../../../../Users/straja/Documents/Unreal Projects/OurGameBP/Content/Igra/Widgets/MainMenu/Continue_2-01.uasset" 203
"../../../../../../Users/straja/Documents/Unreal Projects/OurGameBP/Content/Igra/Widgets/MainMenu/Continue_CLICKED-01.uasset" 204
"../../../../../../Users/straja/Documents/Unreal Projects/OurGameBP/Content/Igra/Widgets/MainMenu/Error_Sound1.uasset" 205
"../../../../../../Users/straja/Documents/Unreal Projects/OurGameBP/Content/Igra/Widgets/MainMenu/Exit_1-01.uasset" 206
"../../../../../../Users/straja/Documents/Unreal Projects/OurGameBP/Content/Igra/Widgets/MainMenu/Exit_2-01.uasset" 207
"../../../../../../Users/straja/Documents/Unreal Projects/OurGameBP/Content/Igra/Widgets/MainMenu/MainMenuSound.uasset" 208
"../../../../../../Users/straja/Documents/Unreal Projects/OurGameBP/Content/Igra/Widgets/MainMenu/NEW_Clicked-01.uasset" 209
"../../../../../../Users/straja/Documents/Unreal Projects/OurGameBP/Content/Igra/Widgets/MainMenu/NEW_Game_1-01.uasset" 210
"../../../../../../Users/straja/Documents/Unreal Projects/OurGameBP/Content/Igra/Widgets/MainMenu/NEW_Game_2-01.uasset" 211
"../../../../../../Users/straja/Documents/Unreal Projects/OurGameBP/Content/Igra/Widgets/MainMenu/Options_1-01.uasset" 212
"../../../../../../Users/straja/Documents/Unreal Projects/OurGameBP/Content/Igra/Widgets/MainMenu/Options_2-01-01.uasset" 213
"../../../../../../Users/straja/Documents/Unreal Projects/OurGameBP/Content/Igra/Widgets/MainMenu/Options_CLICKED-01.uasset" 214
"../../../../../../Users/straja/Documents/Unreal Projects/OurGameBP/Content/Igra/Widgets/MainMenu/Quit_Clicked-01.uasset" 215
"../../../../../../Users/straja/Documents/Unreal Projects/OurGameBP/Content/Igra/Widgets/MainMenu/MainMenuWidget.uasset" 216
"../../../../../../Users/straja/Documents/Unreal Projects/OurGameBP/Content/Igra/Widgets/WeaponHud/Heat_New-01.uasset" 217
"../../../../../../Users/straja/Documents/Unreal Projects/OurGameBP/Content/StarterContent/Architecture/BasicShapeMaterial_2.uasset" 218
"../../../../../../Users/straja/Documents/Unreal Projects/OurGameBP/Content/StarterContent/Materials/M_Basic_Floor.uasset" 219
"../../../../../../Users/straja/Documents/Unreal Projects/OurGameBP/Content/StarterContent/Architecture/Floor_400x400.uasset" 220
"../../../../../../Users/straja/Documents/Unreal Projects/OurGameBP/Content/StarterContent/Materials/M_Basic_Wall.uasset" 221
"../../../../../../Users/straja/Documents/Unreal Projects/OurGameBP/Content/StarterContent/Architecture/Pillar_50x500.uasset" 222
"../../../../../../Users/straja/Documents/Unreal Projects/OurGameBP/Content/StarterContent/Architecture/Shape_Cube.uasset" 223
"../../../../../../Users/straja/Documents/Unreal Projects/OurGameBP/Content/StarterContent/Materials/M_AssetPlatform.uasset" 224
"../../../../../../Users/straja/Documents/Unreal Projects/OurGameBP/Content/StarterContent/Architecture/SM_AssetPlatform.uasset" 225
"../../../../../../Users/straja/Documents/Unreal Projects/OurGameBP/Content/StarterContent/Architecture/Wall_400x200.uasset" 226
"../../../../../../Users/straja/Documents/Unreal Projects/OurGameBP/Content/StarterContent/Architecture/Wall_400x300.uasset" 227
"../../../../../../Users/straja/Documents/Unreal Projects/OurGameBP/Content/StarterContent/Architecture/Wall_400x400.uasset" 228
"../../../../../../Users/straja/Documents/Unreal Projects/OurGameBP/Content/StarterContent/Architecture/Wall_500x500.uasset" 229
"../../../../../../Users/straja/Documents/Unreal Projects/OurGameBP/Content/StarterContent/Architecture/Wall_Door_400x300.uasset" 230
"../../../../../../Users/straja/Documents/Unreal Projects/OurGameBP/Content/StarterContent/Architecture/Wall_Door_400x400.uasset" 231
"../../../../../../Users/straja/Documents/Unreal Projects/OurGameBP/Content/StarterContent/Architecture/Wall_Window_400x300.uasset" 232
"../../../../../../Users/straja/Documents/Unreal Projects/OurGameBP/Content/StarterContent/Architecture/Wall_Window_400x400.uasset" 233
"../../../../../../Users/straja/Documents/Unreal Projects/OurGameBP/Content/StarterContent/HDRI/HDRI_Epic_Courtyard_Daylight.uasset" 234
"../../../../../../Users/straja/Documents/Unreal Projects/OurGameBP/Content/StarterContent/Textures/T_Dust_Particle_D.uasset" 235
"../../../../../../Users/straja/Documents/Unreal Projects/OurGameBP/Content/StarterContent/Particles/Materials/M_Dust_Particle.uasset" 236
"../../../../../../Users/straja/Documents/Unreal Projects/OurGameBP/Content/StarterContent/Textures/T_Fire_SubUV.uasset" 237
"../../../../../../Users/straja/Documents/Unreal Projects/OurGameBP/Content/StarterContent/Textures/T_Fire_Tiled_D.uasset" 238
"../../../../../../Users/straja/Documents/Unreal Projects/OurGameBP/Content/StarterContent/Particles/Materials/M_Fire_SubUV.uasset" 239
"../../../../../../Users/straja/Documents/Unreal Projects/OurGameBP/Content/StarterContent/Textures/T_Water_N.uasset" 240
"../../../../../../Users/straja/Documents/Unreal Projects/OurGameBP/Content/StarterContent/Particles/Materials/M_Heat_Distortion.uasset" 241
"../../../../../../Users/straja/Documents/Unreal Projects/OurGameBP/Content/StarterContent/Particles/Materials/M_Radial_Gradient.uasset" 242
"../../../../../../Users/straja/Documents/Unreal Projects/OurGameBP/Content/StarterContent/Textures/T_Spark_Core.uasset" 243
"../../../../../../Users/straja/Documents/Unreal Projects/OurGameBP/Content/StarterContent/Particles/Materials/M_Spark.uasset" 244
"../../../Engine/Content/ArtTools/RenderToTexture/Meshes/S_1_Unit_Plane.uasset" 245
"../../../Engine/Content/EngineMaterials/DefaultMaterial.uasset" 246
"../../../Engine/Content/BasicShapes/Cone.uasset" 247
"../../../Engine/Content/BasicShapes/Cylinder.uasset" 248
"../../../Engine/Content/BasicShapes/Plane.uasset" 249
"../../../Engine/Content/BasicShapes/Sphere.uasset" 250
"../../../Engine/Content/EditorLandscapeResources/DataLayer.uasset" 251
"../../../Engine/Content/EditorMaterials/GizmoMaterial.uasset" 252
"../../../Engine/Content/EditorMaterials/MAT_Groups_Toggle.uasset" 253
"../../../Engine/Content/EditorMaterials/MAT_Groups_Visibility.uasset" 254
"../../../Engine/Content/EditorMaterials/PreviewShadowIndicator.uasset" 255
"../../../Engine/Content/EditorMaterials/PreviewShadowIndicatorMaterial.uasset" 256
"../../../Engine/Content/EditorMaterials/MatineeGroups/MAT_ColorTrack.uasset" 257
"../../../Engine/Content/EditorMaterials/MatineeGroups/MAT_Groups_Anim.uasset" 258
"../../../Engine/Content/EditorMaterials/MatineeGroups/MAT_Groups_AudioMaster.uasset" 259
"../../../Engine/Content/EditorMaterials/MatineeGroups/MAT_Groups_Director.uasset" 260
"../../../Engine/Content/EditorMaterials/MatineeGroups/MAT_Groups_Event.uasset" 261
"../../../Engine/Content/EditorMaterials/MatineeGroups/MAT_Groups_Fade.uasset" 262
"../../../Engine/Content/EditorMaterials/MatineeGroups/MAT_Groups_Float.uasset" 263
"../../../Engine/Content/EditorMaterials/MatineeGroups/MAT_Groups_Move.uasset" 264
"../../../Engine/Content/EditorMaterials/MatineeGroups/MAT_Groups_Slomo.uasset" 265
"../../../Engine/Content/EditorMaterials/MatineeGroups/MAT_Groups_Sound.uasset" 266
"../../../Engine/Content/EditorMaterials/MatineeGroups/MAT_Groups_Vector.uasset" 267
"../../../Engine/Content/EditorMaterials/ParticleSystems/PSysThumbnail_NoImage.uasset" 268
"../../../Engine/Content/EditorMaterials/ParticleSystems/PSysThumbnail_OOD.uasset" 269
"../../../Engine/Content/EditorMaterials/Camera/CineMat.uasset" 270
"../../../Engine/Content/EditorMaterials/Camera/MI_CineMat_Rig.uasset" 271
"../../../Engine/Content/EditorMeshes/Camera/SM_CraneRig_Arm.uasset" 272
"../../../Engine/Content/EditorMeshes/Camera/SM_CraneRig_Base.uasset" 273
"../../../Engine/Content/EditorMeshes/Camera/SM_CraneRig_Body.uasset" 274
"../../../Engine/Content/EditorMeshes/Camera/SM_CraneRig_Mount.uasset" 275
"../../../Engine/Content/EditorMeshes/Camera/SM_RailRig_Mount.uasset" 276
"../../../Engine/Content/EditorMeshes/Camera/SM_RailRig_Track.uasset" 277
"../../../Engine/Content/EditorResources/BSPVertex.uasset" 278
"../../../Engine/Content/EditorResources/EmptyActor.uasset" 279
"../../../Engine/Content/EditorResources/S_Actor.uasset" 280
"../../../Engine/Content/EditorResources/S_Trigger.uasset" 281
"../../../Engine/Content/EditorResources/SequenceRecorder/Countdown.uasset" 282
"../../../Engine/Content/EditorResources/SequenceRecorder/RecordingIndicator.uasset" 283
"../../../Engine/Content/EditorSounds/Notifications/CompileFailed.uasset" 284
"../../../Engine/Content/EditorSounds/Notifications/CompileFailed_Cue.uasset" 285
"../../../Engine/Content/EditorSounds/Notifications/CompileSuccess.uasset" 286
"../../../Engine/Content/EditorSounds/Notifications/CompileStart_Cue.uasset" 287
"../../../Engine/Content/EditorSounds/Notifications/CompileSuccess_Cue.uasset" 288
"../../../Engine/Content/EngineDamageTypes/DmgTypeBP_Environmental.uasset" 289
"../../../Engine/Content/EngineDebugMaterials/HeatmapGradient.uasset" 290
"../../../Engine/Content/EngineDebugMaterials/BoneWeightMaterial.uasset" 291
"../../../Engine/Content/EngineDebugMaterials/ClothMaterial.uasset" 292
"../../../Engine/Content/EngineDebugMaterials/ClothMaterial_WF.uasset" 293
"../../../Engine/Content/EngineDebugMaterials/DebugEditorMaterial.uasset" 294
"../../../Engine/Content/EngineDebugMaterials/DebugMeshMaterial.uasset" 295
"../../../Engine/Content/EngineDebugMaterials/GeomMaterial.uasset" 296
"../../../Engine/Content/EngineDebugMaterials/M_SimpleTranslucent.uasset" 297
"../../../Engine/Content/EngineFonts/Faces/RobotoBold.uasset" 298
"../../../Engine/Content/EngineFonts/Faces/RobotoBoldItalic.uasset" 299
"../../../Engine/Content/EngineFonts/Faces/RobotoItalic.uasset" 300
"../../../Engine/Content/EngineFonts/Faces/RobotoLight.uasset" 301
"../../../Engine/Content/EngineFonts/Faces/RobotoRegular.uasset" 302
"../../../Engine/Content/EngineFonts/Roboto.uasset" 303
"../../../Engine/Content/EngineFonts/Faces/RobotoTiny.uasset" 304
"../../../Engine/Content/EngineFonts/RobotoTiny.uasset" 305
"../../../Engine/Content/EngineMaterials/BaseFlattenDiffuseMap.uasset" 306
"../../../Engine/Content/EngineMaterials/BaseFlattenEmissiveMap.uasset" 307
"../../../Engine/Content/EngineMaterials/BaseFlattenGrayscaleMap.uasset" 308
"../../../Engine/Content/EngineMaterials/BaseFlattenNormalMap.uasset" 309
"../../../Engine/Content/EngineMaterials/BaseFlattenMaterial.uasset" 310
"../../../Engine/Content/EngineMaterials/DefaultBloomKernel.uasset" 311
"../../../Engine/Content/EngineMaterials/DefaultBokeh.uasset" 312
"../../../Engine/Content/EngineMaterials/DefaultDiffuse.uasset" 313
"../../../Engine/Content/EngineMaterials/DefaultDeferredDecalMaterial.uasset" 314
"../../../Engine/Content/EngineMaterials/DefaultLightFunctionMaterial.uasset" 315
"../../../Engine/Content/EngineMaterials/DefaultPhysicalMaterial.uasset" 316
"../../../Engine/Content/Functions/Engine_MaterialFunctions02/Utility/BreakOutFloat2Components.uasset" 317
"../../../Engine/Content/EngineMaterials/DefaultPostProcessMaterial.uasset" 318
"../../../Engine/Content/EngineFonts/RobotoDistanceField.uasset" 319
"../../../Engine/Content/EngineMaterials/DefaultTextMaterialOpaque.uasset" 320
"../../../Engine/Content/EngineMaterials/DefaultWhiteGrid.uasset" 321
"../../../Engine/Content/EngineMaterials/EditorBrushMaterial.uasset" 322
"../../../Engine/Content/EngineMaterials/Good64x64TilingNoiseHighFreq.uasset" 323
"../../../Engine/Content/EngineMaterials/MiniFont.uasset" 324
"../../../Engine/Content/EngineMaterials/InvalidLightmapSettings.uasset" 325
"../../../Engine/Content/EngineMaterials/M_InvalidLightmapSettings.uasset" 326
"../../../Engine/Content/Functions/Engine_MaterialFunctions02/WorldPositionOffset/CameraOffset.uasset" 327
"../../../Engine/Content/EngineMaterials/PhAT_JointLimitMaterial.uasset" 328
"../../../Engine/Content/EngineMaterials/PreintegratedSkinBRDF.uasset" 329
"../../../Engine/Content/EngineMaterials/RemoveSurfaceMaterial.uasset" 330
"../../../Engine/Content/EngineMaterials/WeightMapPlaceholderTexture.uasset" 331
"../../../Engine/Content/EngineResources/WhiteSquareTexture.uasset" 332
"../../../Engine/Content/EngineMaterials/Widget3DPassThrough.uasset" 333
"../../../Engine/Content/EngineMaterials/Widget3DPassThrough_Masked.uasset" 334
"../../../Engine/Content/EngineMaterials/Widget3DPassThrough_Opaque.uasset" 335
"../../../Engine/Content/EngineMaterials/Widget3DPassThrough_Masked_OneSided.uasset" 336
"../../../Engine/Content/EngineMaterials/Widget3DPassThrough_Opaque_OneSided.uasset" 337
"../../../Engine/Content/EngineMaterials/Widget3DPassThrough_Translucent.uasset" 338
"../../../Engine/Content/EngineMaterials/Widget3DPassThrough_Translucent_OneSided.uasset" 339
"../../../Engine/Content/EngineMeshes/Cylinder.uasset" 340
"../../../Engine/Content/EngineMeshes/Sphere.uasset" 341
"../../../Engine/Content/EngineResources/Black.uasset" 342
"../../../Engine/Content/EngineResources/DefaultTexture.uasset" 343
"../../../Engine/Content/EngineResources/DefaultTextureCube.uasset" 344
"../../../Engine/Content/EngineResources/DefaultVolumeTexture2D.uasset" 345
"../../../Engine/Content/EngineResources/DefaultVolumeTexture.uasset" 346
"../../../Engine/Content/EngineResources/GradientTexture0.uasset" 347
"../../../Engine/Content/EngineSounds/Master.uasset" 348
"../../../Engine/Content/Functions/Engine_MaterialFunctions01/Shading/ConvertFromDiffSpec.uasset" 349
"../../../Engine/Content/Functions/Engine_MaterialFunctions01/Shading/PowerToRoughness.uasset" 350
"../../../Engine/Content/Maps/Templates/Thumbnails/Default.uasset" 351
"../../../Engine/Content/Maps/Templates/Thumbnails/VR-Basic.uasset" 352
"../../../Engine/Content/MobileResources/T_MobileControls_texture.uasset" 353
"../../../Engine/Content/MobileResources/T_MobileMenu2.uasset" 354
"../../../Engine/Content/MobileResources/HUD/AnalogHat.uasset" 355
"../../../Engine/Content/MobileResources/HUD/VirtualJoystick_Background.uasset" 356
"../../../Engine/Content/MobileResources/HUD/VirtualJoystick_Thumb.uasset" 357
"../../../Engine/Content/MobileResources/HUD/DefaultVirtualJoysticks.uasset" 358
"../../../Engine/Content/MobileResources/HUD/LeftVirtualJoystickOnly.uasset" 359
"../../../Engine/Content/MobileResources/HUD/MobileHUDButton1_off.uasset" 360
"../../../Engine/Content/MobileResources/HUD/MobileHUDButton1_on.uasset" 361
"../../../Engine/Content/MobileResources/HUD/MobileHUDButton2_off.uasset" 362
"../../../Engine/Content/MobileResources/HUD/MobileHUDButton2_on.uasset" 363
"../../../Engine/Content/MobileResources/HUD/MobileHUDButton3.uasset" 364
"../../../Engine/Content/MobileResources/HUD/MobileHUDButtonFire.uasset" 365
"../../../Engine/Content/MobileResources/HUD/MobileHUDDirectionPad.uasset" 366
"../../../Engine/Content/MobileResources/HUD/MobileHUDDirectionPad2.uasset" 367
"../../../Engine/Content/MobileResources/HUD/MobileHUDDirectionPad3.uasset" 368
"../../../Engine/Content/MobileResources/HUD/MobileHUDDirectionStick.uasset" 369
"../../../Engine/Content/MobileResources/HUD/T_Castle_ThumbstickInner.uasset" 370
"../../../Engine/Content/MobileResources/HUD/T_Castle_ThumbstickOutter.uasset" 371
"../../../Engine/Content/Tutorial/ContentIntroCurve.uasset" 372
"../../../Engine/Content/Tutorial/Basics/TutorialAssets/icon_tab_Levels_40x.uasset" 373
"../../../Engine/Content/Tutorial/BlueprintTutorials/TutorialAssets/Blueprint_64x.uasset" 374
"../../../Engine/Content/Tutorial/Mobile/TutorialAssets/android_Icon.uasset" 375
"../../../Engine/Content/VREditor/LaserPointer/VR_LaserPower_01.uasset" 376
"../../../Engine/Content/VREditor/TransformGizmo/TransformGizmoMaterial.uasset" 377
"../../../Engine/Content/VREditor/TransformGizmo/TranslucentTransformGizmoMaterial.uasset" 378
"../../../Engine/Content/VREditor/TransformGizmo/BoundingBoxCorner.uasset" 379
"../../../Engine/Content/VREditor/TransformGizmo/BoundingBoxEdge.uasset" 380
"../../../Engine/Content/VREditor/TransformGizmo/PlaneTranslationHandle.uasset" 381
"../../../Engine/Content/VREditor/TransformGizmo/Main.uasset" 382
"../../../Engine/Content/VREditor/TransformGizmo/Xray.uasset" 383
"../../../Engine/Content/VREditor/TransformGizmo/SM_Sequencer_Key.uasset" 384
"../../../Engine/Content/VREditor/TransformGizmo/SM_Sequencer_Node.uasset" 385
"../../Plugins/2D/Paper2D/Content/PlaceholderTextures/DummySpriteTexture.uasset" 386
"../../Plugins/2D/Paper2D/Content/DummySprite.uasset" 387
"../../Plugins/2D/Paper2D/Content/DefaultPaperTerrainMaterial.uasset" 388
"../../Plugins/2D/Paper2D/Content/DefaultSpriteMaterial.uasset" 389
"../../Plugins/2D/Paper2D/Content/MaskedUnlitSpriteMaterial.uasset" 390
"../../Plugins/2D/Paper2D/Content/OpaqueUnlitSpriteMaterial.uasset" 391
"../../Plugins/Runtime/Oculus/OculusVR/Content/Materials/PokeAHoleMaterial.uasset" 392
"../../Plugins/Runtime/Oculus/OculusVR/Content/Textures/GearVRController_AO.uasset" 393
"../../Plugins/Runtime/Oculus/OculusVR/Content/Textures/GearVRController_Color.uasset" 394
"../../Plugins/Runtime/Oculus/OculusVR/Content/Textures/GearVRController_Normal.uasset" 395
"../../Plugins/Runtime/Oculus/OculusVR/Content/Materials/GearVRControllerMaterial.uasset" 396
"../../Plugins/Runtime/Oculus/OculusVR/Content/Meshes/GearVrController.uasset" 397
"../../Plugins/Runtime/Oculus/OculusVR/Content/Textures/touchController_albedo.uasset" 398
"../../Plugins/Runtime/Oculus/OculusVR/Content/Textures/touchController_controlmap.uasset" 399
"../../Plugins/Runtime/Oculus/OculusVR/Content/Materials/touchController_mat.uasset" 400
"../../Plugins/Runtime/Oculus/OculusVR/Content/Meshes/LeftTouchController.uasset" 401
"../../Plugins/Runtime/Oculus/OculusVR/Content/Meshes/RiftHMD.uasset" 402
"../../Plugins/Runtime/Oculus/OculusVR/Content/Meshes/RightTouchController.uasset" 403
"../../../../../../Users/straja/Documents/Unreal Projects/OurGameBP/Content/Igra/Widgets/GlobalPickUP.uasset" 404
"../../../../../../Users/straja/Documents/Unreal Projects/OurGameBP/Content/Igra/Oruzje/Grenade_PickUp.uasset" 405
"../../../../../../Users/straja/Documents/Unreal Projects/OurGameBP/Content/Igra/Sounds/gun_pickup.uasset" 406
"../../../../../../Users/straja/Documents/Unreal Projects/OurGameBP/Content/Igra/Oruzje/Pistol.uasset" 407
"../../../../../../Users/straja/Documents/Unreal Projects/OurGameBP/Content/Igra/Oruzje/PlasmaGun.uasset" 408
"../../../../../../Users/straja/Documents/Unreal Projects/OurGameBP/Content/Igra/Oruzje/Uzi.uasset" 409
"../../../Engine/Content/MapTemplates/Sky/DaylightAmbientCubemap.uasset" 410
"../../../../../../Users/straja/Documents/Unreal Projects/OurGameBP/Content/Maps/Mapa1.umap" 411
"../../../Engine/Content/Maps/Entry_BuiltData.uasset" 412
"../../../Engine/Content/Maps/Entry.umap" 413
