Log file open, 09/04/18 19:43:02
LogWindows: Failed to load 'aqProf.dll' (GetLastError=126)
LogWindows: File 'aqProf.dll' does not exist
LogWindows: Failed to load 'VSPerf140.dll' (GetLastError=126)
LogWindows: File 'VSPerf140.dll' does not exist
LogWindows: Failed to load 'VtuneApi.dll' (GetLastError=126)
LogWindows: File 'VtuneApi.dll' does not exist
LogWindows: Failed to load 'VtuneApi32e.dll' (GetLastError=126)
LogWindows: File 'VtuneApi32e.dll' does not exist
LogInit: Display: Running engine for game: OurGameBP
LogPlatformFile: Not using cached read wrapper
LogTaskGraph: Started task graph with 5 named threads and 14 total threads with 3 sets of task threads.
LogStats: Stats thread started at 0.165355
LogD3D11RHI: Loaded GFSDK_Aftermath_Lib.x64.dll
LogICUInternationalization: Display: ICU TimeZone Detection - Raw Offset: +1:00, Platform Override: ''
LogPluginManager: Mounting plugin Paper2D
LogPluginManager: Mounting plugin AISupport
LogPluginManager: Mounting plugin LightPropagationVolume
LogPluginManager: Mounting plugin CLionSourceCodeAccess
LogPluginManager: Mounting plugin CodeLiteSourceCodeAccess
LogPluginManager: Mounting plugin GitSourceControl
LogPluginManager: Mounting plugin KDevelopSourceCodeAccess
LogPluginManager: Mounting plugin NullSourceCodeAccess
LogPluginManager: Mounting plugin PerforceSourceControl
LogPluginManager: Mounting plugin SubversionSourceControl
LogPluginManager: Mounting plugin UObjectPlugin
LogPluginManager: Mounting plugin VisualStudioCodeSourceCodeAccess
LogPluginManager: Mounting plugin VisualStudioSourceCodeAccess
LogPluginManager: Mounting plugin XCodeSourceCodeAccess
LogPluginManager: Mounting plugin AssetManagerEditor
LogPluginManager: Mounting plugin CryptoKeys
LogPluginManager: Mounting plugin DataValidation
LogPluginManager: Mounting plugin FacialAnimation
LogPluginManager: Mounting plugin GameplayTagsEditor
LogPluginManager: Mounting plugin MacGraphicsSwitching
LogPluginManager: Mounting plugin MeshEditor
LogPluginManager: Mounting plugin MobileLauncherProfileWizard
LogPluginManager: Mounting plugin PluginBrowser
LogPluginManager: Mounting plugin SpeedTreeImporter
LogPluginManager: Mounting plugin DatasmithContent
LogPluginManager: Mounting plugin AlembicImporter
LogPluginManager: Mounting plugin AppleImageUtils
LogPluginManager: Mounting plugin AppleVision
LogPluginManager: Mounting plugin BackChannel
LogPluginManager: Mounting plugin CharacterAI
LogPluginManager: Mounting plugin GeometryCache
LogPluginManager: Mounting plugin HTML5Networking
LogPluginManager: Mounting plugin ProxyLODPlugin
LogPluginManager: Mounting plugin MagicLeap
LogPluginManager: Mounting plugin MagicLeapEmulator
LogPluginManager: Mounting plugin MagicLeapMedia
LogPluginManager: Mounting plugin AndroidMedia
LogPluginManager: Mounting plugin AvfMedia
LogPluginManager: Mounting plugin ImgMedia
LogPluginManager: Mounting plugin LinearTimecode
LogPluginManager: Mounting plugin MediaCompositing
LogPluginManager: Mounting plugin MediaPlayerEditor
LogPluginManager: Mounting plugin WmfMedia
LogPluginManager: Mounting plugin TcpMessaging
LogPluginManager: Mounting plugin UdpMessaging
LogPluginManager: Mounting plugin ActorSequence
LogPluginManager: Mounting plugin LevelSequenceEditor
LogPluginManager: Mounting plugin MatineeToLevelSequence
LogPluginManager: Mounting plugin NetcodeUnitTest
LogPluginManager: Mounting plugin NUTUnrealEngine4
LogPluginManager: Mounting plugin OnlineSubsystemGooglePlay
LogPluginManager: Mounting plugin OnlineSubsystemIOS
LogPluginManager: Mounting plugin OnlineSubsystem
LogPluginManager: Mounting plugin OnlineSubsystemNull
LogPluginManager: Mounting plugin OnlineSubsystemUtils
LogPluginManager: Mounting plugin LauncherChunkInstaller
LogPluginManager: Mounting plugin AndroidDeviceProfileSelector
LogPluginManager: Mounting plugin AndroidMoviePlayer
LogPluginManager: Mounting plugin AndroidPermission
LogPluginManager: Mounting plugin AppleMoviePlayer
LogPluginManager: Mounting plugin ArchVisCharacter
LogPluginManager: Mounting plugin AudioCapture
LogPluginManager: Mounting plugin CableComponent
LogPluginManager: Mounting plugin CustomMeshComponent
LogPluginManager: Mounting plugin EditableMesh
LogPluginManager: Mounting plugin ExampleDeviceProfileSelector
LogPluginManager: Mounting plugin GoogleCloudMessaging
LogPluginManager: Mounting plugin ImmediatePhysics
LogPluginManager: Mounting plugin IOSDeviceProfileSelector
LogPluginManager: Mounting plugin LinuxDeviceProfileSelector
LogPluginManager: Mounting plugin LocationServicesBPLibrary
LogPluginManager: Mounting plugin MobilePatchingUtils
LogPluginManager: Mounting plugin OculusVR
LogPluginManager: Plugin shader directory ../../../Engine/Plugins/Runtime/Oculus/OculusVR/Shaders found
LogPluginManager: Mapping shader source directory ../../../Engine/Plugins/Runtime/Oculus/OculusVR/Shaders to virtual directory /Plugin/OculusVR
LogPluginManager: Mounting plugin PhysXVehicles
LogPluginManager: Mounting plugin ProceduralMeshComponent
LogPluginManager: Mounting plugin RuntimePhysXCooking
LogPluginManager: Mounting plugin SteamVR
LogPluginManager: Mounting plugin WindowsMoviePlayer
LogStreaming: Display: Took  0.088s to configure plugins.
LogInit: Using libcurl 7.55.1-DEV
LogInit:  - built for x86_64-pc-win32
LogInit:  - supports SSL with OpenSSL/1.0.2h
LogInit:  - supports HTTP deflate (compression) using libz 1.2.8
LogInit:  - other features:
LogInit:      CURL_VERSION_SSL
LogInit:      CURL_VERSION_LIBZ
LogInit:      CURL_VERSION_IPV6
LogInit:      CURL_VERSION_ASYNCHDNS
LogInit:      CURL_VERSION_LARGEFILE
LogInit:      CURL_VERSION_IDN
LogInit:  CurlRequestOptions (configurable via config and command line):
LogInit:  - bVerifyPeer = false  - Libcurl will NOT verify peer certificate
LogInit:  - bUseHttpProxy = false  - Libcurl will NOT use HTTP proxy
LogInit:  - bDontReuseConnections = false  - Libcurl will reuse connections
LogInit:  - CertBundlePath = nullptr  - Libcurl will use whatever was configured at build time.
LogInit:  - MaxHostConnections = 16  - Libcurl will limit the number of connections to a host
LogInit:  - LocalHostAddr = Default
LogInit:  - BufferSize = 65536
LogInit: WinSock: version 1.1 (2.2), MaxSocks=32767, MaxUdp=65467
LogInit: Build: ++UE4+Release-4.20-CL-4302132
LogInit: Engine Version: 4.20.2-4302132+++UE4+Release-4.20
LogInit: Compatible Engine Version: 4.20.0-4212847+++UE4+Release-4.20
LogInit: Net CL: 4212847
LogInit: OS: Windows 7 (Service Pack 1), CPU: AMD Ryzen 3 1300X Quad-Core Processor          , GPU: AMD Radeon HD 7800 Series
LogInit: Compiled (64-bit): Aug 21 2018 02:06:06
LogInit: Compiled with Visual C++: 19.13.26129.00
LogInit: Build Configuration: Development
LogInit: Branch Name: ++UE4+Release-4.20
LogInit: Command Line: 
LogInit: Base Directory: C:/Program Files/Epic Games/UE_4.20/Engine/Binaries/Win64/
LogInit: Installed Engine Build: 1
LogDevObjectVersion: Number of dev versions registered: 20
LogDevObjectVersion:   Dev-Blueprints (B0D832E4-1F89-4F0D-ACCF-7EB736FD4AA2): 10
LogDevObjectVersion:   Dev-Build (E1C64328-A22C-4D53-A36C-8E866417BD8C): 0
LogDevObjectVersion:   Dev-Core (375EC13C-06E4-48FB-B500-84F0262A717E): 2
LogDevObjectVersion:   Dev-Editor (E4B068ED-F494-42E9-A231-DA0B2E46BB41): 24
LogDevObjectVersion:   Dev-Framework (CFFC743F-43B0-4480-9391-14DF171D2073): 34
LogDevObjectVersion:   Dev-Mobile (B02B49B5-BB20-44E9-A304-32B752E40360): 2
LogDevObjectVersion:   Dev-Networking (A4E4105C-59A1-49B5-A7C5-40C4547EDFEE): 0
LogDevObjectVersion:   Dev-Online (39C831C9-5AE6-47DC-9A44-9C173E1C8E7C): 0
LogDevObjectVersion:   Dev-Physics (78F01B33-EBEA-4F98-B9B4-84EACCB95AA2): 0
LogDevObjectVersion:   Dev-Platform (6631380F-2D4D-43E0-8009-CF276956A95A): 0
LogDevObjectVersion:   Dev-Rendering (12F88B9F-8875-4AFC-A67C-D90C383ABD29): 26
LogDevObjectVersion:   Dev-Sequencer (7B5AE74C-D270-4C10-A958-57980B212A5A): 9
LogDevObjectVersion:   Dev-VR (D7296918-1DD6-4BDD-9DE2-64A83CC13884): 2
LogDevObjectVersion:   Dev-LoadTimes (C2A15278-BFE7-4AFE-6C17-90FF531DF755): 1
LogDevObjectVersion:   Private-Geometry (6EACA3D4-40EC-4CC1-B786-8BED09428FC5): 3
LogDevObjectVersion:   Dev-AnimPhys (29E575DD-E0A3-4627-9D10-D276232CDCEA): 17
LogDevObjectVersion:   Dev-ReflectionCapture (6B266CEC-1EC7-4B8F-A30B-E4D90942FC07): 1
LogDevObjectVersion:   Dev-Automation (0DF73D61-A23F-47EA-B727-89E90C41499A): 1
LogDevObjectVersion:   FortniteMain (601D1886-AC64-4F84-AA16-D3DE0DEAC7D6): 12
LogDevObjectVersion:   Dev-Enterprise (9DFFBCD6-494F-0158-E221-12823C92A888): 1
LogStreaming: Display: Took  0.000s to delete old logs.
LogInit: Presizing for max 8388607 objects, including 0 objects not considered by GC, pre-allocating 0 bytes for permanent pool.
LogInit: Object subsystem initialized
[2018.09.04-17.43.02:741][  0]LogInit: Selected Device Profile: [Windows]
[2018.09.04-17.43.02:741][  0]LogInit: Applying CVar settings loaded from the selected device profile: [Windows]
[2018.09.04-17.43.02:751][  0]LogHAL: Display: Platform has ~ 8 GB [8523399168 / 8589934592 / 8], which maps to Default [LargestMinGB=32, LargerMinGB=12, DefaultMinGB=8, SmallerMinGB=6, SmallestMinGB=0)
[2018.09.04-17.43.02:751][  0]LogInit: Setting Device Profile CVar: [[r.Vulkan.UseRealUBs:1]]
[2018.09.04-17.43.02:751][  0]LogInit: Going up to parent DeviceProfile []
[2018.09.04-17.43.02:751][  0]LogInit: Computer: STRAJA-PC
[2018.09.04-17.43.02:751][  0]LogInit: User: straja
[2018.09.04-17.43.02:751][  0]LogInit: CPU Page size=4096, Cores=4
[2018.09.04-17.43.02:751][  0]LogInit: High frequency timer resolution =3.411669 MHz
[2018.09.04-17.43.02:751][  0]LogMemory: Memory total: Physical=7.9GB (8GB approx)
[2018.09.04-17.43.02:752][  0]LogMemory: Platform Memory Stats for Windows
[2018.09.04-17.43.02:752][  0]LogMemory: Process Physical Memory: 100.45 MB used, 100.45 MB peak
[2018.09.04-17.43.02:752][  0]LogMemory: Process Virtual Memory: 92.96 MB used, 92.96 MB peak
[2018.09.04-17.43.02:752][  0]LogMemory: Physical Memory: 4269.93 MB used,  3858.62 MB free, 8128.55 MB total
[2018.09.04-17.43.02:752][  0]LogMemory: Virtual Memory: 480.68 MB used,  3858.62 MB free, 8388608.00 MB total
[2018.09.04-17.43.02:768][  0]LogInit: Using OS detected language (en-US).
[2018.09.04-17.43.02:768][  0]LogInit: Using OS detected locale (en-US).
[2018.09.04-17.43.02:769][  0]LogTextLocalizationManager: No specific localization for 'en-US' exists, so the 'en' localization will be used.
[2018.09.04-17.43.03:160][  0]LogStreaming: Display: Took  0.392s to InitEngineTextLocalization.
[2018.09.04-17.43.03:161][  0]LogWindows: Failed to load 'shcore.dll' (GetLastError=126)
[2018.09.04-17.43.03:161][  0]LogWindows: File 'shcore.dll' does not exist
[2018.09.04-17.43.03:161][  0]LogInit: Setting process to DPI aware
[2018.09.04-17.43.03:182][  0]LogSlate: New Slate User Created.  User Index 0, Is Virtual User: 0
[2018.09.04-17.43.03:182][  0]LogSlate: Slate User Registered.  User Index 0, Is Virtual User: 0
[2018.09.04-17.43.03:341][  0]LogHMD: Failed to initialize OpenVR with code 110
[2018.09.04-17.43.03:341][  0]LogD3D11RHI: D3D11 adapters:
[2018.09.04-17.43.03:350][  0]LogD3D11RHI:    0. 'AMD Radeon HD 7800 Series' (Feature Level 11_0)
[2018.09.04-17.43.03:350][  0]LogD3D11RHI:       2025/0/3808 MB DedicatedVideo/DedicatedSystem/SharedSystem, Outputs:1, VendorId:0x1002
[2018.09.04-17.43.03:350][  0]LogD3D11RHI: Chosen D3D11 Adapter: 0
[2018.09.04-17.43.03:355][  0]LogD3D11RHI: Creating new Direct3DDevice
[2018.09.04-17.43.03:355][  0]LogD3D11RHI:     GPU DeviceId: 0x6819 (for the marketing name, search the web for "GPU Device Id")
[2018.09.04-17.43.03:356][  0]LogWindows: EnumDisplayDevices:
[2018.09.04-17.43.03:356][  0]LogWindows:    0. 'AMD Radeon HD 7800 Series' (P:1 D:1)
[2018.09.04-17.43.03:356][  0]LogWindows:    1. 'AMD Radeon HD 7800 Series' (P:0 D:0)
[2018.09.04-17.43.03:356][  0]LogWindows:    2. 'AMD Radeon HD 7800 Series' (P:0 D:0)
[2018.09.04-17.43.03:356][  0]LogWindows:    3. 'AMD Radeon HD 7800 Series' (P:0 D:0)
[2018.09.04-17.43.03:356][  0]LogWindows:    4. 'AMD Radeon HD 7800 Series' (P:0 D:0)
[2018.09.04-17.43.03:356][  0]LogWindows:    5. 'AMD Radeon HD 7800 Series' (P:0 D:0)
[2018.09.04-17.43.03:357][  0]LogWindows:    6. 'RDPDD Chained DD' (P:0 D:0)
[2018.09.04-17.43.03:357][  0]LogWindows:    7. 'RDP Encoder Mirror Driver' (P:0 D:0)
[2018.09.04-17.43.03:357][  0]LogWindows:    8. 'RDP Reflector Display Driver' (P:0 D:0)
[2018.09.04-17.43.03:357][  0]LogWindows: DebugString: GetVideoDriverDetailsInvalid PrimaryIsNotTheChoosenAdapter GetVideoDriverDetailsInvalid PrimaryIsNotTheChoosenAdapter GetVideoDriverDetailsInvalid PrimaryIsNotTheChoosenAdapter FoundDriverCount:6 
[2018.09.04-17.43.03:357][  0]LogD3D11RHI:     Adapter Name: AMD Radeon HD 7800 Series
[2018.09.04-17.43.03:357][  0]LogD3D11RHI:   Driver Version: Adrenalin 18.5.1 (internal:24.20.11016.4, unified:24.20.11016.4)
[2018.09.04-17.43.03:357][  0]LogD3D11RHI:      Driver Date: 5-16-2018
[2018.09.04-17.43.03:357][  0]LogRHI: Texture pool is 1417 MB (70% of 2025 MB)
[2018.09.04-17.43.03:389][  0]LogD3D11RHI: Async texture creation enabled
[2018.09.04-17.43.03:399][  0]LogD3D11RHI: GPU Timing Frequency: 27.000000 (Debug: 2 1)
[2018.09.04-17.43.03:400][  0]LogShaderCompilers: Guid format shader working directory is -19 characters bigger than the processId version (../../../../../../Users/straja/Documents/Unreal Projects/OurGameBP/Intermediate/Shaders/WorkingDirectory/1360/).
[2018.09.04-17.43.03:400][  0]LogShaderCompilers: Cleaned the shader compiler working directory 'C:/Users/straja/AppData/Local/Temp/UnrealShaderWorkingDir/A5A356F74CB911BBC3C82DAC7C2B330C/'.
[2018.09.04-17.43.03:661][  0]LogTemp: Display: Loaded TP AllDesktopTargetPlatform
[2018.09.04-17.43.03:677][  0]LogTemp: Display: Loaded TP MacClientTargetPlatform
[2018.09.04-17.43.03:693][  0]LogTemp: Display: Loaded TP MacNoEditorTargetPlatform
[2018.09.04-17.43.03:709][  0]LogTemp: Display: Loaded TP MacServerTargetPlatform
[2018.09.04-17.43.03:727][  0]LogTemp: Display: Loaded TP MacTargetPlatform
[2018.09.04-17.43.03:743][  0]LogTemp: Display: Loaded TP WindowsClientTargetPlatform
[2018.09.04-17.43.03:760][  0]LogTemp: Display: Loaded TP WindowsNoEditorTargetPlatform
[2018.09.04-17.43.03:778][  0]LogTemp: Display: Loaded TP WindowsServerTargetPlatform
[2018.09.04-17.43.03:785][  0]LogTemp: Display: Loaded TP WindowsTargetPlatform
[2018.09.04-17.43.03:890][  0]LogTemp: Display: Loaded TP AndroidTargetPlatform
[2018.09.04-17.43.03:890][  0]LogTemp: Display: Loaded TP AndroidTargetPlatform
[2018.09.04-17.43.03:890][  0]LogTemp: Display: Loaded TP AndroidTargetPlatform
[2018.09.04-17.43.03:890][  0]LogTemp: Display: Loaded TP AndroidTargetPlatform
[2018.09.04-17.43.03:890][  0]LogTemp: Display: Loaded TP AndroidTargetPlatform
[2018.09.04-17.43.03:890][  0]LogTemp: Display: Loaded TP AndroidTargetPlatform
[2018.09.04-17.43.03:890][  0]LogTemp: Display: Loaded TP AndroidTargetPlatform
[2018.09.04-17.43.03:890][  0]LogTemp: Display: Loaded TP AndroidTargetPlatform
[2018.09.04-17.43.03:890][  0]LogTemp: Display: Loaded TP AndroidTargetPlatform
[2018.09.04-17.43.03:890][  0]LogTemp: Display: Loaded TP AndroidTargetPlatform
[2018.09.04-17.43.03:890][  0]LogTemp: Display: Loaded TP AndroidTargetPlatform
[2018.09.04-17.43.03:890][  0]LogTemp: Display: Loaded TP AndroidTargetPlatform
[2018.09.04-17.43.03:890][  0]LogTemp: Display: Loaded TP AndroidTargetPlatform
[2018.09.04-17.43.03:890][  0]LogTemp: Display: Loaded TP AndroidTargetPlatform
[2018.09.04-17.43.03:890][  0]LogTemp: Display: Loaded TP AndroidTargetPlatform
[2018.09.04-17.43.03:890][  0]LogTemp: Display: Loaded TP AndroidTargetPlatform
[2018.09.04-17.43.03:890][  0]LogTemp: Display: Loaded TP AndroidTargetPlatform
[2018.09.04-17.43.03:890][  0]LogTemp: Display: Loaded TP AndroidTargetPlatform
[2018.09.04-17.43.03:891][  0]LogTemp: Display: Loaded TP HTML5TargetPlatform
[2018.09.04-17.43.03:954][  0]LogTemp: Display: Loaded TP IOSTargetPlatform
[2018.09.04-17.43.03:954][  0]LogTemp: Display: Loaded TP IOSTargetPlatform
[2018.09.04-17.43.03:984][  0]LogTemp: Display: Loaded TP TVOSTargetPlatform
[2018.09.04-17.43.03:984][  0]LogTemp: Display: Loaded TP TVOSTargetPlatform
[2018.09.04-17.43.04:000][  0]LogTemp: Display: Loaded TP LinuxClientTargetPlatform
[2018.09.04-17.43.04:016][  0]LogTemp: Display: Loaded TP LinuxNoEditorTargetPlatform
[2018.09.04-17.43.04:031][  0]LogTemp: Display: Loaded TP LinuxServerTargetPlatform
[2018.09.04-17.43.04:047][  0]LogTemp: Display: Loaded TP LinuxTargetPlatform
[2018.09.04-17.43.04:058][  0]LogTemp: Display: Loaded TP LuminTargetPlatform
[2018.09.04-17.43.04:058][  0]LogTargetPlatformManager: Display: Building Assets For Windows
[2018.09.04-17.43.04:099][  0]LogXGEController: Cannot use XGE Controller as Incredibuild is not installed on this machine.
[2018.09.04-17.43.04:099][  0]LogShaderCompilers: Cannot use XGE Shader Compiler as Incredibuild is not installed on this machine.
[2018.09.04-17.43.04:099][  0]LogShaderCompilers: Display: Using Local Shader Compiler.
[2018.09.04-17.43.04:891][  0]LogDerivedDataCache: Display: Max Cache Size: 512 MB
[2018.09.04-17.43.04:969][  0]LogDerivedDataCache: Loaded boot cache 0.08s 71MB C:/Users/straja/AppData/Local/UnrealEngine/4.20/DerivedDataCache/Boot.ddc.
[2018.09.04-17.43.04:969][  0]LogDerivedDataCache: Display: Loaded Boot cache: C:/Users/straja/AppData/Local/UnrealEngine/4.20/DerivedDataCache/Boot.ddc
[2018.09.04-17.43.04:970][  0]LogDerivedDataCache: FDerivedDataBackendGraph:  Pak pak cache file ../../../../../../Users/straja/Documents/Unreal Projects/OurGameBP/DerivedDataCache/DDC.ddp not found, will not use a pak cache.
[2018.09.04-17.43.04:970][  0]LogDerivedDataCache: Unable to find inner node Pak for hierarchical cache Hierarchy.
[2018.09.04-17.43.04:970][  0]LogDerivedDataCache: FDerivedDataBackendGraph:  CompressedPak pak cache file ../../../../../../Users/straja/Documents/Unreal Projects/OurGameBP/DerivedDataCache/Compressed.ddp not found, will not use a pak cache.
[2018.09.04-17.43.04:970][  0]LogDerivedDataCache: Unable to find inner node CompressedPak for hierarchical cache Hierarchy.
[2018.09.04-17.43.04:983][  0]LogDerivedDataCache: Display: Pak cache opened for reading ../../../Engine/DerivedDataCache/Compressed.ddp.
[2018.09.04-17.43.04:995][  0]LogDerivedDataCache: Using Local data cache path C:/Users/straja/AppData/Local/UnrealEngine/Common/DerivedDataCache: Writable
[2018.09.04-17.43.04:995][  0]LogDerivedDataCache: Shared data cache path not found in *engine.ini, will not use an Shared cache.
[2018.09.04-17.43.04:995][  0]LogDerivedDataCache: Unable to find inner node Shared for hierarchical cache Hierarchy.
[2018.09.04-17.43.05:018][  0]LogMaterial: Verifying Global Shaders for PCD3D_SM5
[2018.09.04-17.43.05:019][  0]LogSlate: Using FreeType 2.6.0
[2018.09.04-17.43.05:020][  0]LogSlate: SlateFontServices - WITH_FREETYPE: 1, WITH_HARFBUZZ: 1
[2018.09.04-17.43.05:089][  0]LogAssetRegistry: FAssetRegistry took 0.0253 seconds to start up
[2018.09.04-17.43.05:442][  0]LogInit: Selected Device Profile: [Windows]
[2018.09.04-17.43.05:561][  0]LogSimplygon: Simplygon DLL not present - disabling.
[2018.09.04-17.43.05:563][  0]LogMeshReduction: Using SimplygonSwarm for distributed automatic mesh merging
[2018.09.04-17.43.05:563][  0]LogMeshReduction: Using ProxyLODMeshReduction for automatic mesh merging
[2018.09.04-17.43.05:563][  0]LogMeshReduction: Using QuadricMeshReduction for automatic static mesh reduction
[2018.09.04-17.43.05:563][  0]LogMeshReduction: No automatic skeletal mesh reduction module available
[2018.09.04-17.43.05:581][  0]LogNetVersion: OurGameBP 1.0.0, NetCL: 4212847, EngineNetVer: 5, GameNetVer: 0 (Checksum: 2791728059)
[2018.09.04-17.43.06:114][  0]LogPackageLocalizationCache: Processed 11 localized package path(s) for 2 prioritized culture(s) in 0.094293 seconds
[2018.09.04-17.43.06:123][  0]LogUObjectArray: 38425 objects as part of root set at end of initial load.
[2018.09.04-17.43.06:123][  0]LogUObjectAllocator: 6690872 out of 0 bytes used by permanent object pool.
[2018.09.04-17.43.06:123][  0]LogUObjectArray: CloseDisregardForGC: 0/0 objects in disregard for GC pool
[2018.09.04-17.43.06:883][  0]LogTcpMessaging: Initializing TcpMessaging bridge
[2018.09.04-17.43.06:895][  0]LogUdpMessaging: Initializing bridge on interface 0.0.0.0:0 to multicast group 230.0.0.1:6666.
[2018.09.04-17.43.07:033][  0]SourceControl: Source control is disabled
[2018.09.04-17.43.07:470][  0]LogAndroidPermission: UAndroidPermissionCallbackProxy::GetInstance
[2018.09.04-17.43.07:514][  0]LogOcInput: OculusInput pre-init called
[2018.09.04-17.43.07:571][  0]LogEngine: Initializing Engine...
[2018.09.04-17.43.07:571][  0]LogHMD: Failed to initialize OpenVR with code 110
[2018.09.04-17.43.07:573][  0]LogStats: UGameplayTagsManager::ConstructGameplayTagTree: ImportINI prefixes -  0.000 s
[2018.09.04-17.43.07:573][  0]LogStats: UGameplayTagsManager::ConstructGameplayTagTree: Construct from data asset -  0.000 s
[2018.09.04-17.43.07:573][  0]LogStats: UGameplayTagsManager::ConstructGameplayTagTree: ImportINI -  0.000 s
[2018.09.04-17.43.07:573][  0]LogStats: UGameplayTagsManager::ConstructGameplayTagTree: GameplayTagTreeChangedEvent.Broadcast -  0.000 s
[2018.09.04-17.43.07:844][  0]LogInit: Initializing FReadOnlyCVARCache
[2018.09.04-17.43.07:858][  0]LogAIModule: Creating AISystem for world Untitled
[2018.09.04-17.43.07:885][  0]LogInit: XAudio2 using 'Speakers (2- High Definition Audio Device)' : 2 channels at 44.1 kHz using 16 bits per sample (channel mask 0x3)
[2018.09.04-17.43.07:897][  0]LogInit: FAudioDevice initialized.
[2018.09.04-17.43.07:898][  0]LogNetVersion: Set ProjectVersion to 1.0.0.0. Version Checksum will be recalculated on next use.
[2018.09.04-17.43.08:192][  0]LogDerivedDataCache: Saved boot cache 0.29s 71MB C:/Users/straja/AppData/Local/UnrealEngine/4.20/DerivedDataCache/Boot.ddc.
[2018.09.04-17.43.08:201][  0]LogInit: Texture streaming: Enabled
[2018.09.04-17.43.08:214][  0]LogEngineSessionManager: EngineSessionManager initialized
[2018.09.04-17.43.08:222][  0]LogInit: Transaction tracking system initialized
[2018.09.04-17.43.08:235][  0]BlueprintLog: New page: Editor Load
[2018.09.04-17.43.08:288][  0]LocalizationService: Localization service is disabled
[2018.09.04-17.43.08:786][  0]LogCook: Display: Max memory allowance for cook 16384mb min free memory 0mb
[2018.09.04-17.43.08:786][  0]LogCook: Display: Mobile HDR setting 1
[2018.09.04-17.43.08:786][  0]LogGameplayTags: Display: UGameplayTagsManager::DoneAddingNativeTags. DelegateIsBound: 0
[2018.09.04-17.43.08:786][  0]LogStats: UGameplayTagsManager::ConstructGameplayTagTree: ImportINI prefixes -  0.000 s
[2018.09.04-17.43.08:786][  0]LogStats: UGameplayTagsManager::ConstructGameplayTagTree: Construct from data asset -  0.000 s
[2018.09.04-17.43.08:786][  0]LogStats: UGameplayTagsManager::ConstructGameplayTagTree: ImportINI -  0.000 s
[2018.09.04-17.43.08:786][  0]LogStats: UGameplayTagsManager::ConstructGameplayTagTree: GameplayTagTreeChangedEvent.Broadcast -  0.000 s
[2018.09.04-17.43.08:895][  0]LogFileCache: Scanning file cache for directory 'C:/Users/straja/Documents/Unreal Projects/OurGameBP/Content/' took 0.01s
[2018.09.04-17.43.08:895][  0]Cmd: MAP LOAD FILE="../../../../../../Users/straja/Documents/Unreal Projects/OurGameBP/Content/Maps/Mapa1.umap" TEMPLATE=0 SHOWPROGRESS=1 FEATURELEVEL=3
[2018.09.04-17.43.08:895][  0]LightingResults: New page: Lighting Build
[2018.09.04-17.43.08:897][  0]MapCheck: New page: Map Check
[2018.09.04-17.43.08:897][  0]LightingResults: New page: Lighting Build
[2018.09.04-17.43.11:967][  0]LogAIModule: Creating AISystem for world Mapa1
[2018.09.04-17.43.11:976][  0]LogEditorServer: Finished looking for orphan Actors (0.000 secs)
[2018.09.04-17.43.12:007][  0]Cmd: MAP CHECKDEP NOCLEARLOG
[2018.09.04-17.43.12:068][  0]MapCheck: Map check complete: 0 Error(s), 0 Warning(s), took 60.046ms to complete.
[2018.09.04-17.43.12:068][  0]LogFileHelpers: Loading map 'Mapa1' took 3.173
[2018.09.04-17.43.12:183][  0]LogSlate: Updating window title bar state: overlay mode, drag disabled, window buttons hidden, title bar hidden
[2018.09.04-17.43.12:194][  0]LogSlate: Updating window title bar state: overlay mode, drag disabled, window buttons hidden, title bar hidden
[2018.09.04-17.43.12:202][  0]LogSlate: Updating window title bar state: overlay mode, drag disabled, window buttons hidden, title bar hidden
[2018.09.04-17.43.12:211][  0]LogSlate: Updating window title bar state: overlay mode, drag disabled, window buttons hidden, title bar hidden
[2018.09.04-17.43.12:215][  0]LogCollectionManager: Loaded 0 collections in 0.000702 seconds
[2018.09.04-17.43.12:253][  0]LogFileCache: Scanning file cache for directory 'C:/Users/straja/Documents/Unreal Projects/OurGameBP/Saved/Collections/' took 0.01s
[2018.09.04-17.43.12:253][  0]LogFileCache: Scanning file cache for directory 'C:/Users/straja/Documents/Unreal Projects/OurGameBP/Content/Developers/straja/Collections/' took 0.01s
[2018.09.04-17.43.12:253][  0]LogFileCache: Scanning file cache for directory 'C:/Users/straja/Documents/Unreal Projects/OurGameBP/Content/Collections/' took 0.01s
[2018.09.04-17.43.12:253][  0]LogCollectionManager: Rebuilt the GUID cache for 0 collections in 0.000000 seconds
[2018.09.04-17.43.12:264][  0]LogContentBrowser: Native class hierarchy populated in 0.0112 seconds. Added 2572 classes and 603 folders.
[2018.09.04-17.43.12:272][  0]LogContentBrowser: Native class hierarchy updated for 'WidgetCarousel' in 0.0003 seconds. Added 0 classes and 0 folders.
[2018.09.04-17.43.12:886][  0]LogContentBrowser: Native class hierarchy updated for 'AddContentDialog' in 0.0003 seconds. Added 0 classes and 0 folders.
[2018.09.04-17.43.12:890][  0]LogContentBrowser: Native class hierarchy updated for 'SceneOutliner' in 0.0003 seconds. Added 1 classes and 2 folders.
[2018.09.04-17.43.12:899][  0]LogContentBrowser: Native class hierarchy updated for 'WorldBrowser' in 0.0004 seconds. Added 2 classes and 3 folders.
[2018.09.04-17.43.12:967][  0]LogSlate: Took 0.000142 seconds to synchronously load lazily loaded font '../../../Engine/Content/Slate/Fonts/Roboto-Regular.ttf' (155K)
[2018.09.04-17.43.12:969][  0]LogSlate: Took 0.000120 seconds to synchronously load lazily loaded font '../../../Engine/Content/Slate/Fonts/Roboto-Bold.ttf' (160K)
[2018.09.04-17.43.12:987][  0]LogSlate: Took 0.012711 seconds to synchronously load lazily loaded font '../../../Engine/Content/Editor/Slate/Fonts/FontAwesome.ttf' (139K)
[2018.09.04-17.43.13:062][  0]LogRenderer: Reallocating scene render targets to support 1208x612 Format 10 NumSamples 1 (Frame:1).
[2018.09.04-17.43.13:199][  0]LogContentBrowser: Native class hierarchy updated for 'HierarchicalLODOutliner' in 0.0003 seconds. Added 0 classes and 0 folders.
[2018.09.04-17.43.13:199][  0]LogLoad: (Engine Initialization) Total time: 11.89 seconds
[2018.09.04-17.43.13:199][  0]LogLoad: (Engine Initialization) Total Blueprint compile time: 0.00 seconds
[2018.09.04-17.43.13:237][  0]LogContentStreaming: Texture pool size now 3000 MB
[2018.09.04-17.43.13:309][  0]LogSlate: Took 0.015901 seconds to synchronously load lazily loaded font '../../../Engine/Content/Slate/Fonts/Roboto-Light.ttf' (167K)
[2018.09.04-17.43.13:334][  1]LogAssetRegistry: Asset discovery search completed in 8.2656 seconds
[2018.09.04-17.43.13:336][  1]LogCollectionManager: Rebuilt the object cache for 0 collections in 0.000000 seconds (found 0 objects)
[2018.09.04-17.43.13:336][  1]LogCollectionManager: Fixed up redirectors for 0 collections in 0.000052 seconds (updated 0 objects)
[2018.09.04-17.43.16:066][175]LogSlate: FSceneViewport::OnFocusLost() reason 0
[2018.09.04-17.43.16:130][180]LogTemp: Repeating last play command: Selected Viewport
[2018.09.04-17.43.16:146][180]LogBlueprintUserMessages: Early PlayInEditor Detection: Level '/Game/Maps/Mapa1.Mapa1:PersistentLevel' has LevelScriptBlueprint '/Game/Maps/Mapa1.Mapa1:PersistentLevel.Mapa1' with GeneratedClass '/Game/Maps/Mapa1.Mapa1_C' with ClassGeneratedBy '/Game/Maps/Mapa1.Mapa1:PersistentLevel.Mapa1'
[2018.09.04-17.43.16:146][180]LogPlayLevel: PlayLevel: No blueprints needed recompiling
[2018.09.04-17.43.16:158][180]PIE: New page: PIE session: Mapa1 (Sep 4, 2018, 9:43:16 PM)
[2018.09.04-17.43.16:159][180]LogPlayLevel: Creating play world package: /Game/Maps/UEDPIE_0_Mapa1
[2018.09.04-17.43.16:161][180]LogPlayLevel: PIE: StaticDuplicateObject took: (0.002703s)
[2018.09.04-17.43.16:162][180]LogAIModule: Creating AISystem for world Mapa1
[2018.09.04-17.43.16:163][180]LogPlayLevel: PIE: World Init took: (0.001659s)
[2018.09.04-17.43.16:163][180]LogPlayLevel: PIE: Created PIE world by copying editor world from /Game/Maps/Mapa1.Mapa1 to /Game/Maps/UEDPIE_0_Mapa1.Mapa1 (0.004503s)
[2018.09.04-17.43.16:195][180]LogInit: XAudio2 using 'Speakers (2- High Definition Audio Device)' : 2 channels at 44.1 kHz using 16 bits per sample (channel mask 0x3)
[2018.09.04-17.43.16:200][180]LogInit: FAudioDevice initialized.
[2018.09.04-17.43.16:292][180]LogLoad: Game class is 'OurGameMode_C'
[2018.09.04-17.43.16:294][180]LogWorld: Bringing World /Game/Maps/UEDPIE_0_Mapa1.Mapa1 up for play (max tick rate 0) at 2018.09.04-19.43.16
[2018.09.04-17.43.16:295][180]LogWorld: Bringing up level for play took: 0.001987
[2018.09.04-17.43.16:309][180]LogContentBrowser: Native class hierarchy updated for 'MovieSceneCapture' in 0.0003 seconds. Added 10 classes and 0 folders.
[2018.09.04-17.43.16:313][180]PIE: Play in editor start time for /Game/Maps/UEDPIE_0_Mapa1 0.297
[2018.09.04-17.43.16:313][180]LogBlueprintUserMessages: Late PlayInEditor Detection: Level '/Game/Maps/Mapa1.Mapa1:PersistentLevel' has LevelScriptBlueprint '/Game/Maps/Mapa1.Mapa1:PersistentLevel.Mapa1' with GeneratedClass '/Game/Maps/Mapa1.Mapa1_C' with ClassGeneratedBy '/Game/Maps/Mapa1.Mapa1:PersistentLevel.Mapa1'
[2018.09.04-17.43.17:295][293]LogBlueprintUserMessages: Early EndPlayMap Detection: Level '/Game/Maps/Mapa1.Mapa1:PersistentLevel' has LevelScriptBlueprint '/Game/Maps/Mapa1.Mapa1:PersistentLevel.Mapa1' with GeneratedClass '/Game/Maps/Mapa1.Mapa1_C' with ClassGeneratedBy '/Game/Maps/Mapa1.Mapa1:PersistentLevel.Mapa1'
[2018.09.04-17.43.17:296][293]LogSlate: Updating window title bar state: overlay mode, drag disabled, window buttons hidden, title bar hidden
[2018.09.04-17.43.17:325][293]LogPlayLevel: Display: Shutting down PIE online subsystems
[2018.09.04-17.43.17:326][293]LogBlueprintUserMessages: Late EndPlayMap Detection: Level '/Game/Maps/Mapa1.Mapa1:PersistentLevel' has LevelScriptBlueprint '/Game/Maps/Mapa1.Mapa1:PersistentLevel.Mapa1' with GeneratedClass '/Game/Maps/Mapa1.Mapa1_C' with ClassGeneratedBy '/Game/Maps/Mapa1.Mapa1:PersistentLevel.Mapa1'
[2018.09.04-17.43.17:356][293]LogSlate: Updating window title bar state: overlay mode, drag disabled, window buttons hidden, title bar hidden
[2018.09.04-17.43.17:397][296]LogPlayLevel: Display: Destroying online subsystem :Context_1
[2018.09.04-17.43.18:818][453]LogSlate: FSceneViewport::OnFocusLost() reason 0
[2018.09.04-17.43.18:879][457]LogTemp: Repeating last play command: Selected Viewport
[2018.09.04-17.43.18:896][457]LogBlueprintUserMessages: Early PlayInEditor Detection: Level '/Game/Maps/Mapa1.Mapa1:PersistentLevel' has LevelScriptBlueprint '/Game/Maps/Mapa1.Mapa1:PersistentLevel.Mapa1' with GeneratedClass '/Game/Maps/Mapa1.Mapa1_C' with ClassGeneratedBy '/Game/Maps/Mapa1.Mapa1:PersistentLevel.Mapa1'
[2018.09.04-17.43.18:896][457]LogPlayLevel: PlayLevel: No blueprints needed recompiling
[2018.09.04-17.43.18:897][457]PIE: New page: PIE session: Mapa1 (Sep 4, 2018, 9:43:18 PM)
[2018.09.04-17.43.18:897][457]LogPlayLevel: Creating play world package: /Game/Maps/UEDPIE_0_Mapa1
[2018.09.04-17.43.18:900][457]LogPlayLevel: PIE: StaticDuplicateObject took: (0.002994s)
[2018.09.04-17.43.18:900][457]LogAIModule: Creating AISystem for world Mapa1
[2018.09.04-17.43.18:901][457]LogPlayLevel: PIE: World Init took: (0.000665s)
[2018.09.04-17.43.18:901][457]LogPlayLevel: PIE: Created PIE world by copying editor world from /Game/Maps/Mapa1.Mapa1 to /Game/Maps/UEDPIE_0_Mapa1.Mapa1 (0.003783s)
[2018.09.04-17.43.18:929][457]LogInit: XAudio2 using 'Speakers (2- High Definition Audio Device)' : 2 channels at 44.1 kHz using 16 bits per sample (channel mask 0x3)
[2018.09.04-17.43.18:934][457]LogInit: FAudioDevice initialized.
[2018.09.04-17.43.18:960][457]LogLoad: Game class is 'OurGameMode_C'
[2018.09.04-17.43.18:961][457]LogWorld: Bringing World /Game/Maps/UEDPIE_0_Mapa1.Mapa1 up for play (max tick rate 0) at 2018.09.04-19.43.18
[2018.09.04-17.43.18:962][457]LogWorld: Bringing up level for play took: 0.001395
[2018.09.04-17.43.18:976][457]PIE: Play in editor start time for /Game/Maps/UEDPIE_0_Mapa1 0.959
[2018.09.04-17.43.18:976][457]LogBlueprintUserMessages: Late PlayInEditor Detection: Level '/Game/Maps/Mapa1.Mapa1:PersistentLevel' has LevelScriptBlueprint '/Game/Maps/Mapa1.Mapa1:PersistentLevel.Mapa1' with GeneratedClass '/Game/Maps/Mapa1.Mapa1_C' with ClassGeneratedBy '/Game/Maps/Mapa1.Mapa1:PersistentLevel.Mapa1'
[2018.09.04-17.43.18:990][457]LogScript: Warning: Accessed None trying to read property CallFunc_BreakHitResult_HitComponent
	HeroHealthCrosshair_C /Engine/Transient.UnrealEdEngine_0:Igra_C_1.HeroHealthCrosshair_C_0
	Function /Game/Igra/Widgets/HealthBar/HeroHealthCrosshair.HeroHealthCrosshair_C:CrossHairFunction:02FE
[2018.09.04-17.43.18:990][457]LogScript: Warning: Accessed None trying to read property CallFunc_BreakHitResult_HitComponent
	HeroHealthCrosshair_C /Engine/Transient.UnrealEdEngine_0:Igra_C_1.HeroHealthCrosshair_C_0
	Function /Game/Igra/Widgets/HealthBar/HeroHealthCrosshair.HeroHealthCrosshair_C:CrossHairFunction:042F
[2018.09.04-17.43.19:023][458]LogScript: Warning: Accessed None trying to read property CallFunc_BreakHitResult_HitComponent
	HeroHealthCrosshair_C /Engine/Transient.UnrealEdEngine_0:Igra_C_1.HeroHealthCrosshair_C_0
	Function /Game/Igra/Widgets/HealthBar/HeroHealthCrosshair.HeroHealthCrosshair_C:CrossHairFunction:02FE
[2018.09.04-17.43.19:023][458]LogScript: Warning: Accessed None trying to read property CallFunc_BreakHitResult_HitComponent
	HeroHealthCrosshair_C /Engine/Transient.UnrealEdEngine_0:Igra_C_1.HeroHealthCrosshair_C_0
	Function /Game/Igra/Widgets/HealthBar/HeroHealthCrosshair.HeroHealthCrosshair_C:CrossHairFunction:042F
[2018.09.04-17.43.19:044][459]LogScript: Warning: Accessed None trying to read property CallFunc_BreakHitResult_HitComponent
	HeroHealthCrosshair_C /Engine/Transient.UnrealEdEngine_0:Igra_C_1.HeroHealthCrosshair_C_0
	Function /Game/Igra/Widgets/HealthBar/HeroHealthCrosshair.HeroHealthCrosshair_C:CrossHairFunction:02FE
[2018.09.04-17.43.19:044][459]LogScript: Warning: Accessed None trying to read property CallFunc_BreakHitResult_HitComponent
	HeroHealthCrosshair_C /Engine/Transient.UnrealEdEngine_0:Igra_C_1.HeroHealthCrosshair_C_0
	Function /Game/Igra/Widgets/HealthBar/HeroHealthCrosshair.HeroHealthCrosshair_C:CrossHairFunction:042F
[2018.09.04-17.43.19:061][460]LogScript: Warning: Accessed None trying to read property CallFunc_BreakHitResult_HitComponent
	HeroHealthCrosshair_C /Engine/Transient.UnrealEdEngine_0:Igra_C_1.HeroHealthCrosshair_C_0
	Function /Game/Igra/Widgets/HealthBar/HeroHealthCrosshair.HeroHealthCrosshair_C:CrossHairFunction:02FE
[2018.09.04-17.43.19:061][460]LogScript: Warning: Accessed None trying to read property CallFunc_BreakHitResult_HitComponent
	HeroHealthCrosshair_C /Engine/Transient.UnrealEdEngine_0:Igra_C_1.HeroHealthCrosshair_C_0
	Function /Game/Igra/Widgets/HealthBar/HeroHealthCrosshair.HeroHealthCrosshair_C:CrossHairFunction:042F
[2018.09.04-17.43.19:071][461]LogScript: Warning: Accessed None trying to read property CallFunc_BreakHitResult_HitComponent
	HeroHealthCrosshair_C /Engine/Transient.UnrealEdEngine_0:Igra_C_1.HeroHealthCrosshair_C_0
	Function /Game/Igra/Widgets/HealthBar/HeroHealthCrosshair.HeroHealthCrosshair_C:CrossHairFunction:02FE
[2018.09.04-17.43.19:071][461]LogScript: Warning: Accessed None trying to read property CallFunc_BreakHitResult_HitComponent
	HeroHealthCrosshair_C /Engine/Transient.UnrealEdEngine_0:Igra_C_1.HeroHealthCrosshair_C_0
	Function /Game/Igra/Widgets/HealthBar/HeroHealthCrosshair.HeroHealthCrosshair_C:CrossHairFunction:042F
[2018.09.04-17.43.19:078][462]LogScript: Warning: Accessed None trying to read property CallFunc_BreakHitResult_HitComponent
	HeroHealthCrosshair_C /Engine/Transient.UnrealEdEngine_0:Igra_C_1.HeroHealthCrosshair_C_0
	Function /Game/Igra/Widgets/HealthBar/HeroHealthCrosshair.HeroHealthCrosshair_C:CrossHairFunction:02FE
[2018.09.04-17.43.19:078][462]LogScript: Warning: Accessed None trying to read property CallFunc_BreakHitResult_HitComponent
	HeroHealthCrosshair_C /Engine/Transient.UnrealEdEngine_0:Igra_C_1.HeroHealthCrosshair_C_0
	Function /Game/Igra/Widgets/HealthBar/HeroHealthCrosshair.HeroHealthCrosshair_C:CrossHairFunction:042F
[2018.09.04-17.43.19:086][463]LogScript: Warning: Accessed None trying to read property CallFunc_BreakHitResult_HitComponent
	HeroHealthCrosshair_C /Engine/Transient.UnrealEdEngine_0:Igra_C_1.HeroHealthCrosshair_C_0
	Function /Game/Igra/Widgets/HealthBar/HeroHealthCrosshair.HeroHealthCrosshair_C:CrossHairFunction:02FE
[2018.09.04-17.43.19:087][463]LogScript: Warning: Accessed None trying to read property CallFunc_BreakHitResult_HitComponent
	HeroHealthCrosshair_C /Engine/Transient.UnrealEdEngine_0:Igra_C_1.HeroHealthCrosshair_C_0
	Function /Game/Igra/Widgets/HealthBar/HeroHealthCrosshair.HeroHealthCrosshair_C:CrossHairFunction:042F
[2018.09.04-17.43.19:095][464]LogScript: Warning: Accessed None trying to read property CallFunc_BreakHitResult_HitComponent
	HeroHealthCrosshair_C /Engine/Transient.UnrealEdEngine_0:Igra_C_1.HeroHealthCrosshair_C_0
	Function /Game/Igra/Widgets/HealthBar/HeroHealthCrosshair.HeroHealthCrosshair_C:CrossHairFunction:02FE
[2018.09.04-17.43.19:095][464]LogScript: Warning: Accessed None trying to read property CallFunc_BreakHitResult_HitComponent
	HeroHealthCrosshair_C /Engine/Transient.UnrealEdEngine_0:Igra_C_1.HeroHealthCrosshair_C_0
	Function /Game/Igra/Widgets/HealthBar/HeroHealthCrosshair.HeroHealthCrosshair_C:CrossHairFunction:042F
[2018.09.04-17.43.19:103][465]LogScript: Warning: Accessed None trying to read property CallFunc_BreakHitResult_HitComponent
	HeroHealthCrosshair_C /Engine/Transient.UnrealEdEngine_0:Igra_C_1.HeroHealthCrosshair_C_0
	Function /Game/Igra/Widgets/HealthBar/HeroHealthCrosshair.HeroHealthCrosshair_C:CrossHairFunction:02FE
[2018.09.04-17.43.30:702][830]LogScript: Warning: Script Msg: Divide by zero detected: 0.000000 / 0
Script call stack:
	Function /Game/Igra/Widgets/WeaponHud/Weapon_HeatWidget.Weapon_HeatWidget_C:Weapon_HeatPercentage

[2018.09.04-17.43.30:702][830]LogScript: Warning: Script Msg: Divide by zero detected: 0.000000 / 0
Script call stack:
	Function /Game/Igra/Widgets/WeaponHud/Weapon_HeatWidget.Weapon_HeatWidget_C:Weapon_HeatPercentage

[2018.09.04-17.43.30:720][831]LogScript: Warning: Script Msg: Divide by zero detected: 0.000000 / 0
Script call stack:
	Function /Game/Igra/Widgets/WeaponHud/Weapon_HeatWidget.Weapon_HeatWidget_C:Weapon_HeatPercentage

[2018.09.04-17.43.30:727][832]LogScript: Warning: Script Msg: Divide by zero detected: 0.000000 / 0
Script call stack:
	Function /Game/Igra/Widgets/WeaponHud/Weapon_HeatWidget.Weapon_HeatWidget_C:Weapon_HeatPercentage

[2018.09.04-17.43.30:735][833]LogScript: Warning: Script Msg: Divide by zero detected: 0.000000 / 0
Script call stack:
	Function /Game/Igra/Widgets/WeaponHud/Weapon_HeatWidget.Weapon_HeatWidget_C:Weapon_HeatPercentage

[2018.09.04-17.43.30:743][834]LogScript: Warning: Script Msg: Divide by zero detected: 0.000000 / 0
Script call stack:
	Function /Game/Igra/Widgets/WeaponHud/Weapon_HeatWidget.Weapon_HeatWidget_C:Weapon_HeatPercentage

[2018.09.04-17.43.30:752][835]LogScript: Warning: Script Msg: Divide by zero detected: 0.000000 / 0
Script call stack:
	Function /Game/Igra/Widgets/WeaponHud/Weapon_HeatWidget.Weapon_HeatWidget_C:Weapon_HeatPercentage

[2018.09.04-17.43.30:760][836]LogScript: Warning: Script Msg: Divide by zero detected: 0.000000 / 0
Script call stack:
	Function /Game/Igra/Widgets/WeaponHud/Weapon_HeatWidget.Weapon_HeatWidget_C:Weapon_HeatPercentage

[2018.09.04-17.43.30:768][837]LogScript: Warning: Script Msg: Divide by zero detected: 0.000000 / 0
Script call stack:
	Function /Game/Igra/Widgets/WeaponHud/Weapon_HeatWidget.Weapon_HeatWidget_C:Weapon_HeatPercentage

[2018.09.04-17.43.30:777][838]LogScript: Warning: Script Msg: Divide by zero detected: 0.000000 / 0
Script call stack:
	Function /Game/Igra/Widgets/WeaponHud/Weapon_HeatWidget.Weapon_HeatWidget_C:Weapon_HeatPercentage

[2018.09.04-17.43.30:785][839]LogScript: Warning: Script Msg: Divide by zero detected: 0.000000 / 0
Script call stack:
	Function /Game/Igra/Widgets/WeaponHud/Weapon_HeatWidget.Weapon_HeatWidget_C:Weapon_HeatPercentage

[2018.09.04-17.43.30:793][840]LogScript: Warning: Script Msg: Divide by zero detected: 0.000000 / 0
Script call stack:
	Function /Game/Igra/Widgets/WeaponHud/Weapon_HeatWidget.Weapon_HeatWidget_C:Weapon_HeatPercentage

[2018.09.04-17.43.30:802][841]LogScript: Warning: Script Msg: Divide by zero detected: 0.000000 / 0
Script call stack:
	Function /Game/Igra/Widgets/WeaponHud/Weapon_HeatWidget.Weapon_HeatWidget_C:Weapon_HeatPercentage

[2018.09.04-17.43.30:810][842]LogScript: Warning: Script Msg: Divide by zero detected: 0.000000 / 0
Script call stack:
	Function /Game/Igra/Widgets/WeaponHud/Weapon_HeatWidget.Weapon_HeatWidget_C:Weapon_HeatPercentage

[2018.09.04-17.43.30:818][843]LogScript: Warning: Script Msg: Divide by zero detected: 0.000000 / 0
Script call stack:
	Function /Game/Igra/Widgets/WeaponHud/Weapon_HeatWidget.Weapon_HeatWidget_C:Weapon_HeatPercentage

[2018.09.04-17.43.30:827][844]LogScript: Warning: Script Msg: Divide by zero detected: 0.000000 / 0
Script call stack:
	Function /Game/Igra/Widgets/WeaponHud/Weapon_HeatWidget.Weapon_HeatWidget_C:Weapon_HeatPercentage

[2018.09.04-17.43.30:835][845]LogScript: Warning: Script Msg: Divide by zero detected: 0.000000 / 0
Script call stack:
	Function /Game/Igra/Widgets/WeaponHud/Weapon_HeatWidget.Weapon_HeatWidget_C:Weapon_HeatPercentage

[2018.09.04-17.43.30:843][846]LogScript: Warning: Script Msg: Divide by zero detected: 0.000000 / 0
Script call stack:
	Function /Game/Igra/Widgets/WeaponHud/Weapon_HeatWidget.Weapon_HeatWidget_C:Weapon_HeatPercentage

[2018.09.04-17.43.30:852][847]LogScript: Warning: Script Msg: Divide by zero detected: 0.000000 / 0
Script call stack:
	Function /Game/Igra/Widgets/WeaponHud/Weapon_HeatWidget.Weapon_HeatWidget_C:Weapon_HeatPercentage

[2018.09.04-17.43.30:860][848]LogScript: Warning: Script Msg: Divide by zero detected: 0.000000 / 0
Script call stack:
	Function /Game/Igra/Widgets/WeaponHud/Weapon_HeatWidget.Weapon_HeatWidget_C:Weapon_HeatPercentage

[2018.09.04-17.43.30:868][849]LogScript: Warning: Script Msg: Divide by zero detected: 0.000000 / 0
Script call stack:
	Function /Game/Igra/Widgets/WeaponHud/Weapon_HeatWidget.Weapon_HeatWidget_C:Weapon_HeatPercentage

[2018.09.04-17.43.30:877][850]LogScript: Warning: Script Msg: Divide by zero detected: 0.000000 / 0
Script call stack:
	Function /Game/Igra/Widgets/WeaponHud/Weapon_HeatWidget.Weapon_HeatWidget_C:Weapon_HeatPercentage

[2018.09.04-17.43.30:885][851]LogScript: Warning: Script Msg: Divide by zero detected: 0.000000 / 0
Script call stack:
	Function /Game/Igra/Widgets/WeaponHud/Weapon_HeatWidget.Weapon_HeatWidget_C:Weapon_HeatPercentage

[2018.09.04-17.43.30:893][852]LogScript: Warning: Script Msg: Divide by zero detected: 0.000000 / 0
Script call stack:
	Function /Game/Igra/Widgets/WeaponHud/Weapon_HeatWidget.Weapon_HeatWidget_C:Weapon_HeatPercentage

[2018.09.04-17.43.30:902][853]LogScript: Warning: Script Msg: Divide by zero detected: 0.000000 / 0
Script call stack:
	Function /Game/Igra/Widgets/WeaponHud/Weapon_HeatWidget.Weapon_HeatWidget_C:Weapon_HeatPercentage

[2018.09.04-17.43.30:910][854]LogScript: Warning: Script Msg: Divide by zero detected: 0.000000 / 0
Script call stack:
	Function /Game/Igra/Widgets/WeaponHud/Weapon_HeatWidget.Weapon_HeatWidget_C:Weapon_HeatPercentage

[2018.09.04-17.43.30:918][855]LogScript: Warning: Script Msg: Divide by zero detected: 0.000000 / 0
Script call stack:
	Function /Game/Igra/Widgets/WeaponHud/Weapon_HeatWidget.Weapon_HeatWidget_C:Weapon_HeatPercentage

[2018.09.04-17.43.30:927][856]LogScript: Warning: Script Msg: Divide by zero detected: 0.000000 / 0
Script call stack:
	Function /Game/Igra/Widgets/WeaponHud/Weapon_HeatWidget.Weapon_HeatWidget_C:Weapon_HeatPercentage

[2018.09.04-17.43.30:935][857]LogScript: Warning: Script Msg: Divide by zero detected: 0.000000 / 0
Script call stack:
	Function /Game/Igra/Widgets/WeaponHud/Weapon_HeatWidget.Weapon_HeatWidget_C:Weapon_HeatPercentage

[2018.09.04-17.43.30:943][858]LogScript: Warning: Script Msg: Divide by zero detected: 0.000000 / 0
Script call stack:
	Function /Game/Igra/Widgets/WeaponHud/Weapon_HeatWidget.Weapon_HeatWidget_C:Weapon_HeatPercentage

[2018.09.04-17.43.30:952][859]LogScript: Warning: Script Msg: Divide by zero detected: 0.000000 / 0
Script call stack:
	Function /Game/Igra/Widgets/WeaponHud/Weapon_HeatWidget.Weapon_HeatWidget_C:Weapon_HeatPercentage

[2018.09.04-17.43.30:960][860]LogScript: Warning: Script Msg: Divide by zero detected: 0.000000 / 0
Script call stack:
	Function /Game/Igra/Widgets/WeaponHud/Weapon_HeatWidget.Weapon_HeatWidget_C:Weapon_HeatPercentage

[2018.09.04-17.43.30:968][861]LogScript: Warning: Script Msg: Divide by zero detected: 0.000000 / 0
Script call stack:
	Function /Game/Igra/Widgets/WeaponHud/Weapon_HeatWidget.Weapon_HeatWidget_C:Weapon_HeatPercentage

[2018.09.04-17.43.30:977][862]LogScript: Warning: Script Msg: Divide by zero detected: 0.000000 / 0
Script call stack:
	Function /Game/Igra/Widgets/WeaponHud/Weapon_HeatWidget.Weapon_HeatWidget_C:Weapon_HeatPercentage

[2018.09.04-17.43.30:985][863]LogScript: Warning: Script Msg: Divide by zero detected: 0.000000 / 0
Script call stack:
	Function /Game/Igra/Widgets/WeaponHud/Weapon_HeatWidget.Weapon_HeatWidget_C:Weapon_HeatPercentage

[2018.09.04-17.43.30:993][864]LogScript: Warning: Script Msg: Divide by zero detected: 0.000000 / 0
Script call stack:
	Function /Game/Igra/Widgets/WeaponHud/Weapon_HeatWidget.Weapon_HeatWidget_C:Weapon_HeatPercentage

[2018.09.04-17.43.31:002][865]LogScript: Warning: Script Msg: Divide by zero detected: 0.000000 / 0
Script call stack:
	Function /Game/Igra/Widgets/WeaponHud/Weapon_HeatWidget.Weapon_HeatWidget_C:Weapon_HeatPercentage

[2018.09.04-17.43.31:010][866]LogScript: Warning: Script Msg: Divide by zero detected: 0.000000 / 0
Script call stack:
	Function /Game/Igra/Widgets/WeaponHud/Weapon_HeatWidget.Weapon_HeatWidget_C:Weapon_HeatPercentage

[2018.09.04-17.43.31:019][867]LogScript: Warning: Script Msg: Divide by zero detected: 0.000000 / 0
Script call stack:
	Function /Game/Igra/Widgets/WeaponHud/Weapon_HeatWidget.Weapon_HeatWidget_C:Weapon_HeatPercentage

[2018.09.04-17.43.31:027][868]LogScript: Warning: Script Msg: Divide by zero detected: 0.000000 / 0
Script call stack:
	Function /Game/Igra/Widgets/WeaponHud/Weapon_HeatWidget.Weapon_HeatWidget_C:Weapon_HeatPercentage

[2018.09.04-17.43.31:035][869]LogScript: Warning: Script Msg: Divide by zero detected: 0.000000 / 0
Script call stack:
	Function /Game/Igra/Widgets/WeaponHud/Weapon_HeatWidget.Weapon_HeatWidget_C:Weapon_HeatPercentage

[2018.09.04-17.43.31:044][870]LogScript: Warning: Script Msg: Divide by zero detected: 0.000000 / 0
Script call stack:
	Function /Game/Igra/Widgets/WeaponHud/Weapon_HeatWidget.Weapon_HeatWidget_C:Weapon_HeatPercentage

[2018.09.04-17.43.31:052][871]LogScript: Warning: Script Msg: Divide by zero detected: 0.000000 / 0
Script call stack:
	Function /Game/Igra/Widgets/WeaponHud/Weapon_HeatWidget.Weapon_HeatWidget_C:Weapon_HeatPercentage

[2018.09.04-17.43.31:060][872]LogScript: Warning: Script Msg: Divide by zero detected: 0.000000 / 0
Script call stack:
	Function /Game/Igra/Widgets/WeaponHud/Weapon_HeatWidget.Weapon_HeatWidget_C:Weapon_HeatPercentage

[2018.09.04-17.43.31:069][873]LogScript: Warning: Script Msg: Divide by zero detected: 0.000000 / 0
Script call stack:
	Function /Game/Igra/Widgets/WeaponHud/Weapon_HeatWidget.Weapon_HeatWidget_C:Weapon_HeatPercentage

[2018.09.04-17.43.31:077][874]LogScript: Warning: Script Msg: Divide by zero detected: 0.000000 / 0
Script call stack:
	Function /Game/Igra/Widgets/WeaponHud/Weapon_HeatWidget.Weapon_HeatWidget_C:Weapon_HeatPercentage

[2018.09.04-17.43.31:085][875]LogScript: Warning: Script Msg: Divide by zero detected: 0.000000 / 0
Script call stack:
	Function /Game/Igra/Widgets/WeaponHud/Weapon_HeatWidget.Weapon_HeatWidget_C:Weapon_HeatPercentage

[2018.09.04-17.43.31:093][876]LogScript: Warning: Script Msg: Divide by zero detected: 0.000000 / 0
Script call stack:
	Function /Game/Igra/Widgets/WeaponHud/Weapon_HeatWidget.Weapon_HeatWidget_C:Weapon_HeatPercentage

[2018.09.04-17.43.31:102][877]LogScript: Warning: Script Msg: Divide by zero detected: 0.000000 / 0
Script call stack:
	Function /Game/Igra/Widgets/WeaponHud/Weapon_HeatWidget.Weapon_HeatWidget_C:Weapon_HeatPercentage

[2018.09.04-17.43.31:110][878]LogScript: Warning: Script Msg: Divide by zero detected: 0.000000 / 0
Script call stack:
	Function /Game/Igra/Widgets/WeaponHud/Weapon_HeatWidget.Weapon_HeatWidget_C:Weapon_HeatPercentage

[2018.09.04-17.43.31:118][879]LogScript: Warning: Script Msg: Divide by zero detected: 0.000000 / 0
Script call stack:
	Function /Game/Igra/Widgets/WeaponHud/Weapon_HeatWidget.Weapon_HeatWidget_C:Weapon_HeatPercentage

[2018.09.04-17.43.31:127][880]LogScript: Warning: Script Msg: Divide by zero detected: 0.000000 / 0
Script call stack:
	Function /Game/Igra/Widgets/WeaponHud/Weapon_HeatWidget.Weapon_HeatWidget_C:Weapon_HeatPercentage

[2018.09.04-17.43.31:135][881]LogScript: Warning: Script Msg: Divide by zero detected: 0.000000 / 0
Script call stack:
	Function /Game/Igra/Widgets/WeaponHud/Weapon_HeatWidget.Weapon_HeatWidget_C:Weapon_HeatPercentage

[2018.09.04-17.43.31:143][882]LogScript: Warning: Script Msg: Divide by zero detected: 0.000000 / 0
Script call stack:
	Function /Game/Igra/Widgets/WeaponHud/Weapon_HeatWidget.Weapon_HeatWidget_C:Weapon_HeatPercentage

[2018.09.04-17.43.31:152][883]LogScript: Warning: Script Msg: Divide by zero detected: 0.000000 / 0
Script call stack:
	Function /Game/Igra/Widgets/WeaponHud/Weapon_HeatWidget.Weapon_HeatWidget_C:Weapon_HeatPercentage

[2018.09.04-17.43.31:160][884]LogScript: Warning: Script Msg: Divide by zero detected: 0.000000 / 0
Script call stack:
	Function /Game/Igra/Widgets/WeaponHud/Weapon_HeatWidget.Weapon_HeatWidget_C:Weapon_HeatPercentage

[2018.09.04-17.43.31:168][885]LogScript: Warning: Script Msg: Divide by zero detected: 0.000000 / 0
Script call stack:
	Function /Game/Igra/Widgets/WeaponHud/Weapon_HeatWidget.Weapon_HeatWidget_C:Weapon_HeatPercentage

[2018.09.04-17.43.31:176][886]LogScript: Warning: Script Msg: Divide by zero detected: 0.000000 / 0
Script call stack:
	Function /Game/Igra/Widgets/WeaponHud/Weapon_HeatWidget.Weapon_HeatWidget_C:Weapon_HeatPercentage

[2018.09.04-17.43.31:185][887]LogScript: Warning: Script Msg: Divide by zero detected: 0.000000 / 0
Script call stack:
	Function /Game/Igra/Widgets/WeaponHud/Weapon_HeatWidget.Weapon_HeatWidget_C:Weapon_HeatPercentage

[2018.09.04-17.43.31:193][888]LogScript: Warning: Script Msg: Divide by zero detected: 0.000000 / 0
Script call stack:
	Function /Game/Igra/Widgets/WeaponHud/Weapon_HeatWidget.Weapon_HeatWidget_C:Weapon_HeatPercentage

[2018.09.04-17.43.31:202][889]LogScript: Warning: Script Msg: Divide by zero detected: 0.000000 / 0
Script call stack:
	Function /Game/Igra/Widgets/WeaponHud/Weapon_HeatWidget.Weapon_HeatWidget_C:Weapon_HeatPercentage

[2018.09.04-17.43.31:210][890]LogScript: Warning: Script Msg: Divide by zero detected: 0.000000 / 0
Script call stack:
	Function /Game/Igra/Widgets/WeaponHud/Weapon_HeatWidget.Weapon_HeatWidget_C:Weapon_HeatPercentage

[2018.09.04-17.43.31:218][891]LogScript: Warning: Script Msg: Divide by zero detected: 0.000000 / 0
Script call stack:
	Function /Game/Igra/Widgets/WeaponHud/Weapon_HeatWidget.Weapon_HeatWidget_C:Weapon_HeatPercentage

[2018.09.04-17.43.31:227][892]LogScript: Warning: Script Msg: Divide by zero detected: 0.000000 / 0
Script call stack:
	Function /Game/Igra/Widgets/WeaponHud/Weapon_HeatWidget.Weapon_HeatWidget_C:Weapon_HeatPercentage

[2018.09.04-17.43.31:235][893]LogScript: Warning: Script Msg: Divide by zero detected: 0.000000 / 0
Script call stack:
	Function /Game/Igra/Widgets/WeaponHud/Weapon_HeatWidget.Weapon_HeatWidget_C:Weapon_HeatPercentage

[2018.09.04-17.43.31:243][894]LogScript: Warning: Script Msg: Divide by zero detected: 0.000000 / 0
Script call stack:
	Function /Game/Igra/Widgets/WeaponHud/Weapon_HeatWidget.Weapon_HeatWidget_C:Weapon_HeatPercentage

[2018.09.04-17.43.31:252][895]LogScript: Warning: Script Msg: Divide by zero detected: 0.000000 / 0
Script call stack:
	Function /Game/Igra/Widgets/WeaponHud/Weapon_HeatWidget.Weapon_HeatWidget_C:Weapon_HeatPercentage

[2018.09.04-17.43.31:260][896]LogScript: Warning: Script Msg: Divide by zero detected: 0.000000 / 0
Script call stack:
	Function /Game/Igra/Widgets/WeaponHud/Weapon_HeatWidget.Weapon_HeatWidget_C:Weapon_HeatPercentage

[2018.09.04-17.43.31:268][897]LogScript: Warning: Script Msg: Divide by zero detected: 0.000000 / 0
Script call stack:
	Function /Game/Igra/Widgets/WeaponHud/Weapon_HeatWidget.Weapon_HeatWidget_C:Weapon_HeatPercentage

[2018.09.04-17.43.31:277][898]LogScript: Warning: Script Msg: Divide by zero detected: 0.000000 / 0
Script call stack:
	Function /Game/Igra/Widgets/WeaponHud/Weapon_HeatWidget.Weapon_HeatWidget_C:Weapon_HeatPercentage

[2018.09.04-17.43.31:285][899]LogScript: Warning: Script Msg: Divide by zero detected: 0.000000 / 0
Script call stack:
	Function /Game/Igra/Widgets/WeaponHud/Weapon_HeatWidget.Weapon_HeatWidget_C:Weapon_HeatPercentage

[2018.09.04-17.43.31:293][900]LogScript: Warning: Script Msg: Divide by zero detected: 0.000000 / 0
Script call stack:
	Function /Game/Igra/Widgets/WeaponHud/Weapon_HeatWidget.Weapon_HeatWidget_C:Weapon_HeatPercentage

[2018.09.04-17.43.31:302][901]LogScript: Warning: Script Msg: Divide by zero detected: 0.000000 / 0
Script call stack:
	Function /Game/Igra/Widgets/WeaponHud/Weapon_HeatWidget.Weapon_HeatWidget_C:Weapon_HeatPercentage

[2018.09.04-17.43.31:310][902]LogScript: Warning: Script Msg: Divide by zero detected: 0.000000 / 0
Script call stack:
	Function /Game/Igra/Widgets/WeaponHud/Weapon_HeatWidget.Weapon_HeatWidget_C:Weapon_HeatPercentage

[2018.09.04-17.43.31:318][903]LogScript: Warning: Script Msg: Divide by zero detected: 0.000000 / 0
Script call stack:
	Function /Game/Igra/Widgets/WeaponHud/Weapon_HeatWidget.Weapon_HeatWidget_C:Weapon_HeatPercentage

[2018.09.04-17.43.31:327][904]LogScript: Warning: Script Msg: Divide by zero detected: 0.000000 / 0
Script call stack:
	Function /Game/Igra/Widgets/WeaponHud/Weapon_HeatWidget.Weapon_HeatWidget_C:Weapon_HeatPercentage

[2018.09.04-17.43.31:335][905]LogScript: Warning: Script Msg: Divide by zero detected: 0.000000 / 0
Script call stack:
	Function /Game/Igra/Widgets/WeaponHud/Weapon_HeatWidget.Weapon_HeatWidget_C:Weapon_HeatPercentage

[2018.09.04-17.43.31:344][906]LogScript: Warning: Script Msg: Divide by zero detected: 0.000000 / 0
Script call stack:
	Function /Game/Igra/Widgets/WeaponHud/Weapon_HeatWidget.Weapon_HeatWidget_C:Weapon_HeatPercentage

[2018.09.04-17.43.31:352][907]LogScript: Warning: Script Msg: Divide by zero detected: 0.000000 / 0
Script call stack:
	Function /Game/Igra/Widgets/WeaponHud/Weapon_HeatWidget.Weapon_HeatWidget_C:Weapon_HeatPercentage

[2018.09.04-17.43.31:360][908]LogScript: Warning: Script Msg: Divide by zero detected: 0.000000 / 0
Script call stack:
	Function /Game/Igra/Widgets/WeaponHud/Weapon_HeatWidget.Weapon_HeatWidget_C:Weapon_HeatPercentage

[2018.09.04-17.43.31:368][909]LogScript: Warning: Script Msg: Divide by zero detected: 0.000000 / 0
Script call stack:
	Function /Game/Igra/Widgets/WeaponHud/Weapon_HeatWidget.Weapon_HeatWidget_C:Weapon_HeatPercentage

[2018.09.04-17.43.31:377][910]LogScript: Warning: Script Msg: Divide by zero detected: 0.000000 / 0
Script call stack:
	Function /Game/Igra/Widgets/WeaponHud/Weapon_HeatWidget.Weapon_HeatWidget_C:Weapon_HeatPercentage

[2018.09.04-17.43.31:385][911]LogScript: Warning: Script Msg: Divide by zero detected: 0.000000 / 0
Script call stack:
	Function /Game/Igra/Widgets/WeaponHud/Weapon_HeatWidget.Weapon_HeatWidget_C:Weapon_HeatPercentage

[2018.09.04-17.43.31:393][912]LogScript: Warning: Script Msg: Divide by zero detected: 0.000000 / 0
Script call stack:
	Function /Game/Igra/Widgets/WeaponHud/Weapon_HeatWidget.Weapon_HeatWidget_C:Weapon_HeatPercentage

[2018.09.04-17.43.31:402][913]LogScript: Warning: Script Msg: Divide by zero detected: 0.000000 / 0
Script call stack:
	Function /Game/Igra/Widgets/WeaponHud/Weapon_HeatWidget.Weapon_HeatWidget_C:Weapon_HeatPercentage

[2018.09.04-17.43.31:410][914]LogScript: Warning: Script Msg: Divide by zero detected: 0.000000 / 0
Script call stack:
	Function /Game/Igra/Widgets/WeaponHud/Weapon_HeatWidget.Weapon_HeatWidget_C:Weapon_HeatPercentage

[2018.09.04-17.43.31:419][915]LogScript: Warning: Script Msg: Divide by zero detected: 0.000000 / 0
Script call stack:
	Function /Game/Igra/Widgets/WeaponHud/Weapon_HeatWidget.Weapon_HeatWidget_C:Weapon_HeatPercentage

[2018.09.04-17.43.31:426][916]LogScript: Warning: Script Msg: Divide by zero detected: 0.000000 / 0
Script call stack:
	Function /Game/Igra/Widgets/WeaponHud/Weapon_HeatWidget.Weapon_HeatWidget_C:Weapon_HeatPercentage

[2018.09.04-17.43.31:435][917]LogScript: Warning: Script Msg: Divide by zero detected: 0.000000 / 0
Script call stack:
	Function /Game/Igra/Widgets/WeaponHud/Weapon_HeatWidget.Weapon_HeatWidget_C:Weapon_HeatPercentage

[2018.09.04-17.43.31:443][918]LogScript: Warning: Script Msg: Divide by zero detected: 0.000000 / 0
Script call stack:
	Function /Game/Igra/Widgets/WeaponHud/Weapon_HeatWidget.Weapon_HeatWidget_C:Weapon_HeatPercentage

[2018.09.04-17.43.31:452][919]LogScript: Warning: Script Msg: Divide by zero detected: 0.000000 / 0
Script call stack:
	Function /Game/Igra/Widgets/WeaponHud/Weapon_HeatWidget.Weapon_HeatWidget_C:Weapon_HeatPercentage

[2018.09.04-17.43.31:460][920]LogScript: Warning: Script Msg: Divide by zero detected: 0.000000 / 0
Script call stack:
	Function /Game/Igra/Widgets/WeaponHud/Weapon_HeatWidget.Weapon_HeatWidget_C:Weapon_HeatPercentage

[2018.09.04-17.43.31:468][921]LogScript: Warning: Script Msg: Divide by zero detected: 0.000000 / 0
Script call stack:
	Function /Game/Igra/Widgets/WeaponHud/Weapon_HeatWidget.Weapon_HeatWidget_C:Weapon_HeatPercentage

[2018.09.04-17.43.31:474][922]LogBlueprintUserMessages: Early EndPlayMap Detection: Level '/Game/Maps/Mapa1.Mapa1:PersistentLevel' has LevelScriptBlueprint '/Game/Maps/Mapa1.Mapa1:PersistentLevel.Mapa1' with GeneratedClass '/Game/Maps/Mapa1.Mapa1_C' with ClassGeneratedBy '/Game/Maps/Mapa1.Mapa1:PersistentLevel.Mapa1'
[2018.09.04-17.43.31:474][922]LogSlate: Updating window title bar state: overlay mode, drag disabled, window buttons hidden, title bar hidden
[2018.09.04-17.43.31:503][922]LogPlayLevel: Display: Shutting down PIE online subsystems
[2018.09.04-17.43.31:504][922]LogBlueprintUserMessages: Late EndPlayMap Detection: Level '/Game/Maps/Mapa1.Mapa1:PersistentLevel' has LevelScriptBlueprint '/Game/Maps/Mapa1.Mapa1:PersistentLevel.Mapa1' with GeneratedClass '/Game/Maps/Mapa1.Mapa1_C' with ClassGeneratedBy '/Game/Maps/Mapa1.Mapa1:PersistentLevel.Mapa1'
[2018.09.04-17.43.31:533][922]LogSlate: Updating window title bar state: overlay mode, drag disabled, window buttons hidden, title bar hidden
[2018.09.04-17.43.31:574][926]LogPlayLevel: Display: Destroying online subsystem :Context_2
[2018.09.04-17.43.33:059][ 91]LogSlate: FSceneViewport::OnFocusLost() reason 0
[2018.09.04-17.43.33:959][169]LogSlate: Took 0.000215 seconds to synchronously load lazily loaded font '../../../Engine/Content/Slate/Fonts/Roboto-Light.ttf' (167K)
[2018.09.04-17.43.33:966][169]Cmd: OBJ SAVEPACKAGE PACKAGE="/Game/Maps/Mapa1" FILE="../../../../../../Users/straja/Documents/Unreal Projects/OurGameBP/Content/Maps/Mapa1.umap" SILENT=true AUTOSAVING=false KEEPDIRTY=false
[2018.09.04-17.43.34:093][169]LogSavePackage: Moving '../../../../../../Users/straja/Documents/Unreal Projects/OurGameBP/Saved/Mapa100AFEC0C405812595B0528AED1840C32.tmp' to '../../../../../../Users/straja/Documents/Unreal Projects/OurGameBP/Content/Maps/Mapa1.umap'
[2018.09.04-17.43.35:499][280]SourceControl: fatal: C:/Program Files/Epic Games/UE_4.20/Engine/Content: 'C:/Program Files/Epic Games/UE_4.20/Engine/Content' is outside repository
[2018.09.04-17.43.37:099][280]LogSlate: Window 'Submit Files' being destroyed
[2018.09.04-17.44.09:054][794]LogSlate: Window 'OurGameBP - Unreal Editor' being destroyed
[2018.09.04-17.44.09:277][795]Cmd: QUIT_EDITOR
[2018.09.04-17.44.09:459][795]LogExit: Preparing to exit.
[2018.09.04-17.44.10:660][795]LogExit: Editor shut down
[2018.09.04-17.44.10:661][795]LogExit: Transaction tracking system shut down
[2018.09.04-17.44.11:159][795]LogExit: Object subsystem successfully closed.
[2018.09.04-17.44.11:217][795]LogShaderCompilers: Display: Shaders left to compile 0
[2018.09.04-17.44.11:222][795]LogD3D11RHI: Shutdown
[2018.09.04-17.44.11:222][795]LogD3D11RHI: CleanupD3DDevice
[2018.09.04-17.44.11:225][795]LogD3D11RHI: ~FD3D11DynamicRHI
[2018.09.04-17.44.11:239][795]LogModuleManager: Shutting down and abandoning module MovieSceneCapture (616)
[2018.09.04-17.44.11:240][795]LogModuleManager: Shutting down and abandoning module Voice (614)
[2018.09.04-17.44.11:240][795]LogModuleManager: Shutting down and abandoning module HierarchicalLODOutliner (612)
[2018.09.04-17.44.11:240][795]LogModuleManager: Shutting down and abandoning module WorldBrowser (610)
[2018.09.04-17.44.11:240][795]LogModuleManager: Shutting down and abandoning module SceneOutliner (608)
[2018.09.04-17.44.11:240][795]LogModuleManager: Shutting down and abandoning module AddContentDialog (606)
[2018.09.04-17.44.11:242][795]LogModuleManager: Shutting down and abandoning module WidgetCarousel (605)
[2018.09.04-17.44.11:242][795]LogModuleManager: Shutting down and abandoning module EditorWidgets (602)
[2018.09.04-17.44.11:242][795]LogModuleManager: Shutting down and abandoning module CollectionManager (600)
[2018.09.04-17.44.11:243][795]LogModuleManager: Shutting down and abandoning module StatsViewer (598)
[2018.09.04-17.44.11:243][795]LogModuleManager: Shutting down and abandoning module FoliageEdit (596)
[2018.09.04-17.44.11:243][795]LogModuleManager: Shutting down and abandoning module LandscapeEditor (594)
[2018.09.04-17.44.11:243][795]LogModuleManager: Shutting down and abandoning module MeshPaintMode (592)
[2018.09.04-17.44.11:243][795]LogModuleManager: Shutting down and abandoning module SceneDepthPickerMode (590)
[2018.09.04-17.44.11:243][795]LogModuleManager: Shutting down and abandoning module ActorPickerMode (588)
[2018.09.04-17.44.11:243][795]LogModuleManager: Shutting down and abandoning module GeometryMode (586)
[2018.09.04-17.44.11:243][795]LogModuleManager: Shutting down and abandoning module TextureAlignMode (584)
[2018.09.04-17.44.11:243][795]LogModuleManager: Shutting down and abandoning module BspMode (582)
[2018.09.04-17.44.11:243][795]LogModuleManager: Shutting down and abandoning module PIEPreviewDeviceProfileSelector (580)
[2018.09.04-17.44.11:243][795]LogModuleManager: Shutting down and abandoning module SequenceRecorderSections (578)
[2018.09.04-17.44.11:243][795]LogModuleManager: Shutting down and abandoning module AutomationWorker (576)
[2018.09.04-17.44.11:243][795]LogModuleManager: Shutting down and abandoning module AudioCaptureEditor (574)
[2018.09.04-17.44.11:243][795]LogModuleManager: Shutting down and abandoning module SequenceRecorder (573)
[2018.09.04-17.44.11:243][795]LogModuleManager: Shutting down and abandoning module MatineeToLevelSequence (570)
[2018.09.04-17.44.11:243][795]LogModuleManager: Shutting down and abandoning module LevelSequenceEditor (568)
[2018.09.04-17.44.11:243][795]LogModuleManager: Shutting down and abandoning module PlacementMode (567)
[2018.09.04-17.44.11:243][795]LogModuleManager: Shutting down and abandoning module MaterialEditor (566)
[2018.09.04-17.44.11:243][795]LogModuleManager: Shutting down and abandoning module WmfMediaFactory (562)
[2018.09.04-17.44.11:243][795]LogModuleManager: Shutting down and abandoning module WmfMediaEditor (560)
[2018.09.04-17.44.11:243][795]LogModuleManager: Shutting down and abandoning module MediaPlayerEditor (558)
[2018.09.04-17.44.11:243][795]LogModuleManager: Shutting down and abandoning module OpenExrWrapper (556)
[2018.09.04-17.44.11:243][795]LogModuleManager: Shutting down and abandoning module ImgMediaFactory (554)
[2018.09.04-17.44.11:243][795]LogModuleManager: Shutting down and abandoning module ImgMediaEditor (552)
[2018.09.04-17.44.11:243][795]LogModuleManager: Shutting down and abandoning module AvfMediaFactory (550)
[2018.09.04-17.44.11:243][795]LogModuleManager: Shutting down and abandoning module AvfMediaEditor (548)
[2018.09.04-17.44.11:243][795]LogModuleManager: Shutting down and abandoning module AndroidMediaFactory (546)
[2018.09.04-17.44.11:243][795]LogModuleManager: Shutting down and abandoning module AndroidMediaEditor (544)
[2018.09.04-17.44.11:243][795]LogModuleManager: Shutting down and abandoning module MagicLeapCameraPreviewFactory (542)
[2018.09.04-17.44.11:244][795]LogModuleManager: Shutting down and abandoning module MagicLeapMediaFactory (540)
[2018.09.04-17.44.11:244][795]LogModuleManager: Shutting down and abandoning module MagicLeapMediaEditor (538)
[2018.09.04-17.44.11:244][795]LogModuleManager: Shutting down and abandoning module CharacterAI (536)
[2018.09.04-17.44.11:244][795]LogModuleManager: Shutting down and abandoning module SmartSnapping (534)
[2018.09.04-17.44.11:244][795]LogModuleManager: Shutting down and abandoning module SessionServices (532)
[2018.09.04-17.44.11:244][795]LogModuleManager: Shutting down and abandoning module ViewportSnapping (530)
[2018.09.04-17.44.11:244][795]LogModuleManager: Shutting down and abandoning module ViewportInteraction (528)
[2018.09.04-17.44.11:244][795]LogModuleManager: Shutting down and abandoning module ClothPainter (526)
[2018.09.04-17.44.11:244][795]LogModuleManager: Shutting down and abandoning module SkeletalMeshEditor (525)
[2018.09.04-17.44.11:244][795]LogModuleManager: Shutting down and abandoning module LogVisualizer (522)
[2018.09.04-17.44.11:244][795]LogModuleManager: Shutting down and abandoning module IntroTutorials (520)
[2018.09.04-17.44.11:244][795]LogModuleManager: Shutting down and abandoning module GameProjectGeneration (519)
[2018.09.04-17.44.11:244][795]LogModuleManager: Shutting down and abandoning module LuminPlatformEditor (516)
[2018.09.04-17.44.11:244][795]LogModuleManager: Shutting down and abandoning module IOSPlatformEditor (514)
[2018.09.04-17.44.11:244][795]LogModuleManager: Shutting down and abandoning module HTML5PlatformEditor (512)
[2018.09.04-17.44.11:244][795]LogModuleManager: Shutting down and abandoning module AndroidPlatformEditor (510)
[2018.09.04-17.44.11:244][795]LogModuleManager: Shutting down and abandoning module AndroidDeviceDetection (509)
[2018.09.04-17.44.12:529][795]LogModuleManager: Shutting down and abandoning module WindowsPlatformEditor (506)
[2018.09.04-17.44.12:529][795]LogModuleManager: Shutting down and abandoning module LuminRuntimeSettings (504)
[2018.09.04-17.44.12:529][795]LogModuleManager: Shutting down and abandoning module IOSRuntimeSettings (502)
[2018.09.04-17.44.12:529][795]LogModuleManager: Shutting down and abandoning module AndroidRuntimeSettings (500)
[2018.09.04-17.44.12:529][795]LogModuleManager: Shutting down and abandoning module InputBindingEditor (498)
[2018.09.04-17.44.12:529][795]LogModuleManager: Shutting down and abandoning module MergeActors (496)
[2018.09.04-17.44.12:529][795]LogModuleManager: Shutting down and abandoning module LocalizationDashboard (494)
[2018.09.04-17.44.12:530][795]LogModuleManager: Shutting down and abandoning module LocalizationService (493)
[2018.09.04-17.44.12:530][795]LogModuleManager: Shutting down and abandoning module HardwareTargeting (490)
[2018.09.04-17.44.12:530][795]LogModuleManager: Shutting down and abandoning module DeviceProfileEditor (488)
[2018.09.04-17.44.12:530][795]LogModuleManager: Shutting down and abandoning module UndoHistory (486)
[2018.09.04-17.44.12:530][795]LogModuleManager: Shutting down and abandoning module XmlParser (484)
[2018.09.04-17.44.12:530][795]LogModuleManager: Shutting down and abandoning module Blutility (482)
[2018.09.04-17.44.12:530][795]LogModuleManager: Shutting down and abandoning module ProjectSettingsViewer (480)
[2018.09.04-17.44.12:530][795]LogModuleManager: Shutting down and abandoning module ProjectTargetPlatformEditor (479)
[2018.09.04-17.44.12:530][795]LogModuleManager: Shutting down and abandoning module EditorSettingsViewer (476)
[2018.09.04-17.44.12:530][795]LogModuleManager: Shutting down and abandoning module SettingsEditor (474)
[2018.09.04-17.44.12:530][795]LogModuleManager: Shutting down and abandoning module ProjectLauncher (472)
[2018.09.04-17.44.12:530][795]LogModuleManager: Shutting down and abandoning module SessionFrontend (470)
[2018.09.04-17.44.12:530][795]LogModuleManager: Shutting down and abandoning module ProfilerClient (468)
[2018.09.04-17.44.12:530][795]LogModuleManager: Shutting down and abandoning module DeviceManager (466)
[2018.09.04-17.44.12:530][795]LogModuleManager: Shutting down and abandoning module TargetDeviceServices (465)
[2018.09.04-17.44.12:570][795]LogModuleManager: Shutting down and abandoning module AutomationController (462)
[2018.09.04-17.44.12:570][795]LogModuleManager: Shutting down and abandoning module AutomationWindow (460)
[2018.09.04-17.44.12:570][795]LogModuleManager: Shutting down and abandoning module Layers (458)
[2018.09.04-17.44.12:570][795]LogModuleManager: Shutting down and abandoning module ComponentVisualizers (456)
[2018.09.04-17.44.12:570][795]LogModuleManager: Shutting down and abandoning module DetailCustomizations (454)
[2018.09.04-17.44.12:570][795]LogModuleManager: Shutting down and abandoning module PackagesDialog (452)
[2018.09.04-17.44.12:571][795]LogModuleManager: Shutting down and abandoning module Persona (450)
[2018.09.04-17.44.12:571][795]LogModuleManager: Shutting down and abandoning module AdvancedPreviewScene (449)
[2018.09.04-17.44.12:571][795]LogModuleManager: Shutting down and abandoning module AnimGraph (447)
[2018.09.04-17.44.12:571][795]LogModuleManager: Shutting down and abandoning module Kismet (444)
[2018.09.04-17.44.12:572][795]LogModuleManager: Shutting down and abandoning module GraphEditor (442)
[2018.09.04-17.44.12:572][795]LogModuleManager: Shutting down and abandoning module ClassViewer (440)
[2018.09.04-17.44.12:572][795]LogModuleManager: Shutting down and abandoning module Toolbox (438)
[2018.09.04-17.44.12:572][795]LogModuleManager: Shutting down and abandoning module ModuleUI (436)
[2018.09.04-17.44.12:572][795]LogModuleManager: Shutting down and abandoning module MovieSceneTools (434)
[2018.09.04-17.44.12:572][795]LogModuleManager: Shutting down and abandoning module OutputLog (432)
[2018.09.04-17.44.12:572][795]LogModuleManager: Shutting down and abandoning module GammaUI (430)
[2018.09.04-17.44.12:572][795]LogModuleManager: Shutting down and abandoning module Documentation (428)
[2018.09.04-17.44.12:572][795]LogModuleManager: Shutting down and abandoning module MovieSceneTracks (426)
[2018.09.04-17.44.12:572][795]LogModuleManager: Shutting down and abandoning module MovieScene (424)
[2018.09.04-17.44.12:572][795]LogModuleManager: Shutting down and abandoning module StreamingPauseRendering (422)
[2018.09.04-17.44.12:572][795]LogModuleManager: Shutting down and abandoning module LauncherPlatform (420)
[2018.09.04-17.44.12:572][795]LogModuleManager: Shutting down and abandoning module AnalyticsET (418)
[2018.09.04-17.44.12:572][795]LogModuleManager: Shutting down and abandoning module PortalServices (416)
[2018.09.04-17.44.12:572][795]LogModuleManager: Shutting down and abandoning module PortalRpc (414)
[2018.09.04-17.44.12:572][795]LogModuleManager: Shutting down and abandoning module MessagingRpc (412)
[2018.09.04-17.44.12:572][795]LogModuleManager: Shutting down and abandoning module AIModule (410)
[2018.09.04-17.44.12:572][795]LogModuleManager: Shutting down and abandoning module GameplayDebugger (409)
[2018.09.04-17.44.12:572][795]LogModuleManager: Shutting down and abandoning module AITestSuite (407)
[2018.09.04-17.44.12:572][795]LogModuleManager: Shutting down and abandoning module NavigationSystem (405)
[2018.09.04-17.44.12:572][795]LogModuleManager: Shutting down and abandoning module DesktopPlatform (402)
[2018.09.04-17.44.12:572][795]LogModuleManager: Shutting down and abandoning module ProfilerService (400)
[2018.09.04-17.44.12:675][795]LogModuleManager: Shutting down and abandoning module TaskGraph (398)
[2018.09.04-17.44.12:675][795]LogModuleManager: Shutting down and abandoning module SteamVRController (396)
[2018.09.04-17.44.12:675][795]LogModuleManager: Shutting down and abandoning module ProceduralMeshComponentEditor (394)
[2018.09.04-17.44.12:675][795]LogModuleManager: Shutting down and abandoning module ProceduralMeshComponent (392)
[2018.09.04-17.44.12:675][795]LogModuleManager: Shutting down and abandoning module OculusInput (390)
[2018.09.04-17.44.12:675][795]LogModuleManager: Shutting down and abandoning module MobilePatchingUtils (388)
[2018.09.04-17.44.12:675][795]LogModuleManager: Shutting down and abandoning module EditableMesh (386)
[2018.09.04-17.44.12:675][795]LogModuleManager: Shutting down and abandoning module CustomMeshComponent (384)
[2018.09.04-17.44.12:675][795]LogModuleManager: Shutting down and abandoning module CableComponent (382)
[2018.09.04-17.44.12:675][795]LogModuleManager: Shutting down and abandoning module AudioCapture (380)
[2018.09.04-17.44.12:675][795]LogModuleManager: Shutting down and abandoning module ArchVisCharacter (378)
[2018.09.04-17.44.12:675][795]LogModuleManager: Shutting down and abandoning module AndroidPermission (376)
[2018.09.04-17.44.12:675][795]LogModuleManager: Shutting down and abandoning module NUTUnrealEngine4 (374)
[2018.09.04-17.44.12:675][795]LogModuleManager: Shutting down and abandoning module NetcodeUnitTest (372)
[2018.09.04-17.44.12:675][795]LogModuleManager: Shutting down and abandoning module MediaCompositingEditor (370)
[2018.09.04-17.44.12:675][795]LogModuleManager: Shutting down and abandoning module MediaCompositing (368)
[2018.09.04-17.44.12:675][795]LogModuleManager: Shutting down and abandoning module LinearTimecode (366)
[2018.09.04-17.44.12:675][795]LogModuleManager: Shutting down and abandoning module ImgMedia (364)
[2018.09.04-17.44.12:681][795]LogModuleManager: Shutting down and abandoning module HTML5Networking (362)
[2018.09.04-17.44.12:681][795]LogModuleManager: Shutting down and abandoning module GeometryCacheTracks (360)
[2018.09.04-17.44.12:681][795]LogModuleManager: Shutting down and abandoning module GeometryCacheSequencer (358)
[2018.09.04-17.44.12:681][795]LogModuleManager: Shutting down and abandoning module BackChannel (356)
[2018.09.04-17.44.12:681][795]LogModuleManager: Shutting down and abandoning module AppleVision (354)
[2018.09.04-17.44.12:681][795]LogModuleManager: Shutting down and abandoning module AppleImageUtils (352)
[2018.09.04-17.44.12:681][795]LogModuleManager: Shutting down and abandoning module AlembicImporter (350)
[2018.09.04-17.44.12:681][795]LogModuleManager: Shutting down and abandoning module AlembicLibrary (349)
[2018.09.04-17.44.12:681][795]LogModuleManager: Shutting down and abandoning module GeometryCache (348)
[2018.09.04-17.44.12:681][795]LogModuleManager: Shutting down and abandoning module GeometryCacheEd (347)
[2018.09.04-17.44.12:681][795]LogModuleManager: Shutting down and abandoning module DatasmithContentEditor (342)
[2018.09.04-17.44.12:681][795]LogModuleManager: Shutting down and abandoning module DatasmithContent (340)
[2018.09.04-17.44.12:682][795]LogModuleManager: Shutting down and abandoning module SpeedTreeImporter (338)
[2018.09.04-17.44.12:682][795]LogModuleManager: Shutting down and abandoning module PluginBrowser (336)
[2018.09.04-17.44.12:682][795]LogModuleManager: Shutting down and abandoning module MobileLauncherProfileWizard (334)
[2018.09.04-17.44.12:682][795]LogModuleManager: Shutting down and abandoning module PolygonModeling (332)
[2018.09.04-17.44.12:682][795]LogModuleManager: Shutting down and abandoning module MeshEditor (330)
[2018.09.04-17.44.12:682][795]LogModuleManager: Shutting down and abandoning module CryptoKeysOpenSSL (328)
[2018.09.04-17.44.12:682][795]LogModuleManager: Shutting down and abandoning module CryptoKeys (326)
[2018.09.04-17.44.12:682][795]LogModuleManager: Shutting down and abandoning module VisualStudioSourceCodeAccess (324)
[2018.09.04-17.44.12:682][795]LogModuleManager: Shutting down and abandoning module VisualStudioCodeSourceCodeAccess (322)
[2018.09.04-17.44.12:682][795]LogModuleManager: Shutting down and abandoning module UObjectPlugin (320)
[2018.09.04-17.44.12:682][795]LogModuleManager: Shutting down and abandoning module SubversionSourceControl (318)
[2018.09.04-17.44.12:682][795]LogModuleManager: Shutting down and abandoning module PerforceSourceControl (316)
[2018.09.04-17.44.12:682][795]LogModuleManager: Shutting down and abandoning module GitSourceControl (314)
[2018.09.04-17.44.12:682][795]LogModuleManager: Shutting down and abandoning module SourceControl (313)
[2018.09.04-17.44.12:682][795]LogModuleManager: Shutting down and abandoning module CLionSourceCodeAccess (310)
[2018.09.04-17.44.12:682][795]LogModuleManager: Shutting down and abandoning module LightPropagationVolumeEditor (308)
[2018.09.04-17.44.12:682][795]LogModuleManager: Shutting down and abandoning module PaperTiledImporter (306)
[2018.09.04-17.44.12:682][795]LogModuleManager: Shutting down and abandoning module PaperSpriteSheetImporter (304)
[2018.09.04-17.44.12:682][795]LogModuleManager: Shutting down and abandoning module Paper2DEditor (302)
[2018.09.04-17.44.12:682][795]LogModuleManager: Shutting down and abandoning module MeshPaint (301)
[2018.09.04-17.44.12:682][795]LogModuleManager: Shutting down and abandoning module RuntimePhysXCooking (298)
[2018.09.04-17.44.12:682][795]LogModuleManager: Shutting down and abandoning module PhysXVehiclesEditor (296)
[2018.09.04-17.44.12:682][795]LogModuleManager: Shutting down and abandoning module PhysXVehicles (294)
[2018.09.04-17.44.12:682][795]LogModuleManager: Shutting down and abandoning module OculusEditor (292)
[2018.09.04-17.44.12:682][795]LogModuleManager: Shutting down and abandoning module LocationServicesBPLibrary (290)
[2018.09.04-17.44.12:682][795]LogModuleManager: Shutting down and abandoning module ImmediatePhysicsEditor (288)
[2018.09.04-17.44.12:682][795]LogModuleManager: Shutting down and abandoning module ImmediatePhysics (286)
[2018.09.04-17.44.12:682][795]LogModuleManager: Shutting down and abandoning module ActorSequence (284)
[2018.09.04-17.44.12:682][795]LogModuleManager: Shutting down and abandoning module UdpMessaging (282)
[2018.09.04-17.44.12:782][795]LogModuleManager: Shutting down and abandoning module TcpMessaging (280)
[2018.09.04-17.44.12:882][795]LogModuleManager: Shutting down and abandoning module MagicLeapAudio (278)
[2018.09.04-17.44.12:882][795]LogModuleManager: Shutting down and abandoning module GameplayTagsEditor (276)
[2018.09.04-17.44.12:882][795]LogModuleManager: Shutting down and abandoning module FacialAnimationEditor (274)
[2018.09.04-17.44.12:882][795]LogModuleManager: Shutting down and abandoning module FacialAnimation (272)
[2018.09.04-17.44.12:882][795]LogModuleManager: Shutting down and abandoning module DataValidation (270)
[2018.09.04-17.44.12:882][795]LogModuleManager: Shutting down and abandoning module AssetManagerEditor (268)
[2018.09.04-17.44.12:882][795]LogModuleManager: Shutting down and abandoning module LevelEditor (267)
[2018.09.04-17.44.12:883][795]LogModuleManager: Shutting down and abandoning module PixelInspectorModule (266)
[2018.09.04-17.44.12:883][795]LogModuleManager: Shutting down and abandoning module CommonMenuExtensions (264)
[2018.09.04-17.44.12:883][795]LogModuleManager: Shutting down and abandoning module MainFrame (262)
[2018.09.04-17.44.12:883][795]LogModuleManager: Shutting down and abandoning module HotReload (261)
[2018.09.04-17.44.12:884][795]LogModuleManager: Shutting down and abandoning module ContentBrowser (257)
[2018.09.04-17.44.12:885][795]LogModuleManager: Shutting down and abandoning module TreeMap (255)
[2018.09.04-17.44.12:885][795]LogModuleManager: Shutting down and abandoning module LightPropagationVolumeRuntime (252)
[2018.09.04-17.44.12:885][795]LogModuleManager: Shutting down and abandoning module AISupportModule (250)
[2018.09.04-17.44.12:885][795]LogModuleManager: Shutting down and abandoning module Paper2D (248)
[2018.09.04-17.44.12:885][795]LogModuleManager: Shutting down and abandoning module WindowsMoviePlayer (246)
[2018.09.04-17.44.12:885][795]LogModuleManager: Shutting down and abandoning module WmfMedia (244)
[2018.09.04-17.44.12:886][795]LogModuleManager: Shutting down and abandoning module Media (243)
[2018.09.04-17.44.12:892][795]LogModuleManager: Shutting down and abandoning module PacketHandler (240)
[2018.09.04-17.44.12:892][795]LogModuleManager: Shutting down and abandoning module ClothingSystemEditor (238)
[2018.09.04-17.44.12:892][795]LogModuleManager: Shutting down and abandoning module ClothingSystemRuntime (236)
[2018.09.04-17.44.12:893][795]LogModuleManager: Shutting down and abandoning module MediaAssets (234)
[2018.09.04-17.44.12:893][795]LogModuleManager: Shutting down and abandoning module Overlay (232)
[2018.09.04-17.44.12:893][795]LogModuleManager: Shutting down and abandoning module OverlayEditor (231)
[2018.09.04-17.44.12:893][795]LogModuleManager: Shutting down and abandoning module VREditor (228)
[2018.09.04-17.44.12:893][795]LogModuleManager: Shutting down and abandoning module StringTableEditor (226)
[2018.09.04-17.44.12:893][795]LogModuleManager: Shutting down and abandoning module GameplayTasksEditor (224)
[2018.09.04-17.44.12:893][795]LogModuleManager: Shutting down and abandoning module BehaviorTreeEditor (222)
[2018.09.04-17.44.12:893][795]LogModuleManager: Shutting down and abandoning module FunctionalTesting (220)
[2018.09.04-17.44.12:893][795]LogModuleManager: Shutting down and abandoning module CollisionAnalyzer (218)
[2018.09.04-17.44.12:893][795]LogModuleManager: Shutting down and abandoning module WorkspaceMenuStructure (217)
[2018.09.04-17.44.12:893][795]LogModuleManager: Shutting down and abandoning module UMG (214)
[2018.09.04-17.44.12:893][795]LogModuleManager: Shutting down and abandoning module UMGEditor (213)
[2018.09.04-17.44.12:893][795]LogModuleManager: Shutting down and abandoning module Sequencer (212)
[2018.09.04-17.44.12:893][795]LogModuleManager: Shutting down and abandoning module MessageLog (209)
[2018.09.04-17.44.12:893][795]LogModuleManager: Shutting down and abandoning module SlateReflector (204)
[2018.09.04-17.44.12:893][795]LogModuleManager: Shutting down and abandoning module Slate (202)
[2018.09.04-17.44.12:893][795]LogModuleManager: Shutting down and abandoning module EditorStyle (200)
[2018.09.04-17.44.12:895][795]LogModuleManager: Shutting down and abandoning module MRMesh (198)
[2018.09.04-17.44.12:895][795]LogModuleManager: Shutting down and abandoning module SourceCodeAccess (196)
[2018.09.04-17.44.12:895][795]LogModuleManager: Shutting down and abandoning module HeadMountedDisplay (194)
[2018.09.04-17.44.12:895][795]LogModuleManager: Shutting down and abandoning module XAudio2 (192)
[2018.09.04-17.44.12:895][795]LogModuleManager: Shutting down and abandoning module Networking (190)
[2018.09.04-17.44.12:895][795]LogModuleManager: Shutting down and abandoning module Core (188)
[2018.09.04-17.44.12:895][795]LogModuleManager: Shutting down and abandoning module LevelSequence (186)
[2018.09.04-17.44.12:895][795]LogModuleManager: Shutting down and abandoning module KismetCompiler (184)
[2018.09.04-17.44.12:895][795]LogModuleManager: Shutting down and abandoning module MeshUtilities (182)
[2018.09.04-17.44.12:895][795]LogModuleManager: Shutting down and abandoning module MeshMergeUtilities (181)
[2018.09.04-17.44.12:895][795]LogModuleManager: Shutting down and abandoning module MeshReductionInterface (180)
[2018.09.04-17.44.12:895][795]LogModuleManager: Shutting down and abandoning module SimplygonSwarm (179)
[2018.09.04-17.44.12:895][795]LogModuleManager: Shutting down and abandoning module ProxyLODMeshReduction (177)
[2018.09.04-17.44.12:895][795]LogModuleManager: Shutting down and abandoning module SimplygonMeshReduction (175)
[2018.09.04-17.44.12:895][795]LogModuleManager: Shutting down and abandoning module QuadricMeshReduction (173)
[2018.09.04-17.44.12:895][795]LogModuleManager: Shutting down and abandoning module MaterialBaking (169)
[2018.09.04-17.44.12:895][795]LogModuleManager: Shutting down and abandoning module DirectoryWatcher (165)
[2018.09.04-17.44.12:895][795]LogModuleManager: Shutting down and abandoning module DerivedDataCache (162)
[2018.09.04-17.44.13:095][795]LogDerivedDataCache: Shutdown
[2018.09.04-17.44.13:095][795]LogModuleManager: Shutting down and abandoning module XGEController (160)
[2018.09.04-17.44.13:096][795]LogModuleManager: Shutting down and abandoning module TargetPlatform (158)
[2018.09.04-17.44.13:096][795]LogModuleManager: Shutting down and abandoning module VulkanShaderFormat (157)
[2018.09.04-17.44.13:096][795]LogModuleManager: Shutting down and abandoning module ShaderFormatVectorVM (155)
[2018.09.04-17.44.13:096][795]LogModuleManager: Shutting down and abandoning module ShaderFormatOpenGL (153)
[2018.09.04-17.44.13:096][795]LogModuleManager: Shutting down and abandoning module ShaderFormatD3D (151)
[2018.09.04-17.44.13:096][795]LogModuleManager: Shutting down and abandoning module MetalShaderFormat (149)
[2018.09.04-17.44.13:096][795]LogModuleManager: Shutting down and abandoning module TextureFormatUncompressed (147)
[2018.09.04-17.44.13:096][795]LogModuleManager: Shutting down and abandoning module TextureFormatPVR (145)
[2018.09.04-17.44.13:096][795]LogModuleManager: Shutting down and abandoning module TextureFormatDXT (143)
[2018.09.04-17.44.13:096][795]LogModuleManager: Shutting down and abandoning module TextureFormatIntelISPCTexComp (141)
[2018.09.04-17.44.13:096][795]LogModuleManager: Shutting down and abandoning module TextureFormatASTC (139)
[2018.09.04-17.44.13:096][795]LogModuleManager: Shutting down and abandoning module ImageWrapper (138)
[2018.09.04-17.44.13:096][795]LogModuleManager: Shutting down and abandoning module TextureFormatAndroid (135)
[2018.09.04-17.44.13:096][795]LogModuleManager: Shutting down and abandoning module AudioFormatOpus (133)
[2018.09.04-17.44.13:096][795]LogModuleManager: Shutting down and abandoning module AudioFormatOgg (131)
[2018.09.04-17.44.13:096][795]LogModuleManager: Shutting down and abandoning module AudioFormatADPCM (129)
[2018.09.04-17.44.13:096][795]LogModuleManager: Shutting down and abandoning module LuminTargetPlatform (127)
[2018.09.04-17.44.13:096][795]LogModuleManager: Shutting down and abandoning module LinuxTargetPlatform (125)
[2018.09.04-17.44.13:096][795]LogModuleManager: Shutting down and abandoning module LinuxServerTargetPlatform (123)
[2018.09.04-17.44.13:096][795]LogModuleManager: Shutting down and abandoning module LinuxNoEditorTargetPlatform (121)
[2018.09.04-17.44.13:096][795]LogModuleManager: Shutting down and abandoning module LinuxClientTargetPlatform (119)
[2018.09.04-17.44.13:096][795]LogModuleManager: Shutting down and abandoning module TVOSTargetPlatform (117)
[2018.09.04-17.44.13:097][795]LogModuleManager: Shutting down and abandoning module Messaging (115)
[2018.09.04-17.44.13:097][795]LogModuleManager: Shutting down and abandoning module IOSTargetPlatform (113)
[2018.09.04-17.44.13:098][795]LogModuleManager: Shutting down and abandoning module HTML5TargetPlatform (111)
[2018.09.04-17.44.13:098][795]LogModuleManager: Shutting down and abandoning module AndroidTargetPlatform (109)
[2018.09.04-17.44.13:105][795]LogModuleManager: Shutting down and abandoning module WindowsTargetPlatform (107)
[2018.09.04-17.44.13:105][795]LogModuleManager: Shutting down and abandoning module WindowsServerTargetPlatform (105)
[2018.09.04-17.44.13:105][795]LogModuleManager: Shutting down and abandoning module WindowsNoEditorTargetPlatform (103)
[2018.09.04-17.44.13:105][795]LogModuleManager: Shutting down and abandoning module WindowsClientTargetPlatform (101)
[2018.09.04-17.44.13:105][795]LogModuleManager: Shutting down and abandoning module MacTargetPlatform (99)
[2018.09.04-17.44.13:105][795]LogModuleManager: Shutting down and abandoning module MacServerTargetPlatform (97)
[2018.09.04-17.44.13:105][795]LogModuleManager: Shutting down and abandoning module MacNoEditorTargetPlatform (95)
[2018.09.04-17.44.13:105][795]LogModuleManager: Shutting down and abandoning module MacClientTargetPlatform (93)
[2018.09.04-17.44.13:105][795]LogModuleManager: Shutting down and abandoning module AllDesktopTargetPlatform (91)
[2018.09.04-17.44.13:105][795]LogModuleManager: Shutting down and abandoning module InputCore (88)
[2018.09.04-17.44.13:105][795]LogModuleManager: Shutting down and abandoning module Settings (86)
[2018.09.04-17.44.13:105][795]LogModuleManager: Shutting down and abandoning module PhysXCooking (84)
[2018.09.04-17.44.13:105][795]LogModuleManager: Shutting down and abandoning module SteamVR (82)
[2018.09.04-17.44.13:105][795]LogModuleManager: Shutting down and abandoning module OculusHMD (80)
[2018.09.04-17.44.13:105][795]LogModuleManager: Shutting down and abandoning module ExampleDeviceProfileSelector (78)
[2018.09.04-17.44.13:105][795]LogModuleManager: Shutting down and abandoning module LauncherChunkInstaller (76)
[2018.09.04-17.44.13:105][795]LogModuleManager: Shutting down and abandoning module OnlineBlueprintSupport (74)
[2018.09.04-17.44.13:105][795]LogModuleManager: Shutting down and abandoning module OnlineSubsystem (70)
[2018.09.04-17.44.13:107][795]LogModuleManager: Shutting down and abandoning module XMPP (65)
[2018.09.04-17.44.13:107][795]LogModuleManager: Shutting down and abandoning module WebSockets (64)
[2018.09.04-17.44.13:116][795]LogModuleManager: Shutting down and abandoning module HTTP (61)
[2018.09.04-17.44.13:116][795]LogHttp: Display: Http module shutting down, but needs to wait on 1 outstanding Http requests:
[2018.09.04-17.44.13:116][795]LogHttp: Display: 	verb=[POST] url=[https://datarouter.ol.epicgames.com/datarouter/api/v1/public/data?SessionID=%7BC20E3F0A-45E2-03C0-C0A0-8BA70A1AE90E%7D&AppID=UEEditor.Rocket.Release&AppVersion=4.20.2-4302132%2B%2B%2BUE4%2BRelease-4.20&UserID=e48eb96145baf201f4eeecb87aa030be%7Ca06f92c64d894346ac049f5f5730a5dc%7Cdb114368-d592-4ffd-9d01-0027eb81f6be&AppEnvironment=datacollector-binary&UploadType=eteventstream] status=Processing
[2018.09.04-17.44.13:145][795]LogModuleManager: Shutting down and abandoning module SSL (60)
[2018.09.04-17.44.13:146][795]LogModuleManager: Shutting down and abandoning module MagicLeapEmulator (56)
[2018.09.04-17.44.13:146][795]LogModuleManager: Shutting down and abandoning module MagicLeapPrivileges (54)
[2018.09.04-17.44.13:146][795]LogModuleManager: Shutting down and abandoning module MagicLeapIdentity (52)
[2018.09.04-17.44.13:146][795]LogModuleManager: Shutting down and abandoning module MagicLeapHelperVulkan (50)
[2018.09.04-17.44.13:146][795]LogModuleManager: Shutting down and abandoning module MagicLeapHelperOpenGL (48)
[2018.09.04-17.44.13:146][795]LogModuleManager: Shutting down and abandoning module MagicLeapSecureStorage (46)
[2018.09.04-17.44.13:146][795]LogModuleManager: Shutting down and abandoning module MagicLeapGestures (44)
[2018.09.04-17.44.13:146][795]LogModuleManager: Shutting down and abandoning module MagicLeapEyeTracker (42)
[2018.09.04-17.44.13:146][795]LogModuleManager: Shutting down and abandoning module MagicLeapController (40)
[2018.09.04-17.44.13:146][795]LogSlate: Slate User Destroyed.  User Index 0, Is Virtual User: 0
[2018.09.04-17.44.13:146][795]LogModuleManager: Shutting down and abandoning module MagicLeap (38)
[2018.09.04-17.44.13:146][795]LogModuleManager: Shutting down and abandoning module AnimationModifiers (36)
[2018.09.04-17.44.13:146][795]LogModuleManager: Shutting down and abandoning module PropertyEditor (35)
[2018.09.04-17.44.13:146][795]LogModuleManager: Shutting down and abandoning module AudioEditor (32)
[2018.09.04-17.44.13:146][795]LogModuleManager: Shutting down and abandoning module TextureCompressor (30)
[2018.09.04-17.44.13:147][795]LogModuleManager: Shutting down and abandoning module ShaderCore (28)
[2018.09.04-17.44.13:147][795]LogModuleManager: Shutting down and abandoning module Landscape (26)
[2018.09.04-17.44.13:147][795]LogModuleManager: Shutting down and abandoning module SlateRHIRenderer (24)
[2018.09.04-17.44.13:147][795]LogModuleManager: Shutting down and abandoning module OpenGLDrv (22)
[2018.09.04-17.44.13:147][795]LogModuleManager: Shutting down and abandoning module D3D11RHI (20)
[2018.09.04-17.44.13:147][795]LogModuleManager: Shutting down and abandoning module AnimGraphRuntime (18)
[2018.09.04-17.44.13:147][795]LogModuleManager: Shutting down and abandoning module Renderer (16)
[2018.09.04-17.44.13:147][795]LogModuleManager: Shutting down and abandoning module Engine (14)
[2018.09.04-17.44.13:147][795]LogModuleManager: Shutting down and abandoning module CoreUObject (12)
[2018.09.04-17.44.13:147][795]LogModuleManager: Shutting down and abandoning module NetworkFile (10)
[2018.09.04-17.44.13:147][795]LogModuleManager: Shutting down and abandoning module CookedIterativeFile (8)
[2018.09.04-17.44.13:147][795]LogModuleManager: Shutting down and abandoning module StreamingFile (6)
[2018.09.04-17.44.13:147][795]LogModuleManager: Shutting down and abandoning module SandboxFile (4)
[2018.09.04-17.44.13:147][795]LogModuleManager: Shutting down and abandoning module PakFile (2)
[2018.09.04-17.44.13:151][795]LogExit: Exiting.
[2018.09.04-17.44.13:169][795]Log file closed, 09/04/18 19:44:13
